{"/home/travis/build/npmtest/node-npmtest-xstream/test.js":{"path":"/home/travis/build/npmtest/node-npmtest-xstream/test.js","s":{"1":2,"2":2,"3":2,"4":2,"5":2,"6":2,"7":2,"8":1,"9":2,"10":2,"11":1,"12":1,"13":1,"14":1,"15":2,"16":2,"17":2,"18":2,"19":1,"20":1,"21":2,"22":2,"23":2,"24":1,"25":1,"26":1,"27":1,"28":1,"29":1,"30":1,"31":1,"32":1,"33":1,"34":1,"35":1,"36":1,"37":1,"38":1,"39":2,"40":2,"41":1,"42":2,"43":2,"44":1,"45":2,"46":2,"47":1,"48":2,"49":2,"50":1,"51":1,"52":1,"53":1,"54":1},"b":{"1":[2,1,1,1],"2":[1,1,1,1],"3":[1,1],"4":[1,1],"5":[1,1],"6":[1,1],"7":[1,1],"8":[1,1],"9":[1,1],"10":[1,1,1],"11":[1,1],"12":[1,1],"13":[1,1],"14":[1,1],"15":[1,1],"16":[1,1],"17":[1,1]},"f":{"1":2,"2":2,"3":2,"4":2,"5":2,"6":1,"7":1,"8":1,"9":2,"10":2,"11":2,"12":2,"13":1},"fnMap":{"1":{"name":"(anonymous_1)","line":12,"loc":{"start":{"line":12,"column":1},"end":{"line":12,"column":13}}},"2":{"name":"(anonymous_2)","line":19,"loc":{"start":{"line":19,"column":5},"end":{"line":19,"column":17}}},"3":{"name":"(anonymous_3)","line":23,"loc":{"start":{"line":23,"column":24},"end":{"line":23,"column":36}}},"4":{"name":"(anonymous_4)","line":61,"loc":{"start":{"line":61,"column":5},"end":{"line":61,"column":17}}},"5":{"name":"(anonymous_5)","line":82,"loc":{"start":{"line":82,"column":5},"end":{"line":82,"column":17}}},"6":{"name":"(anonymous_6)","line":91,"loc":{"start":{"line":91,"column":77},"end":{"line":94,"column":10}}},"7":{"name":"(anonymous_7)","line":112,"loc":{"start":{"line":112,"column":83},"end":{"line":115,"column":10}},"skip":true},"8":{"name":"(anonymous_8)","line":123,"loc":{"start":{"line":123,"column":77},"end":{"line":126,"column":10}},"skip":true},"9":{"name":"(anonymous_9)","line":139,"loc":{"start":{"line":139,"column":12},"end":{"line":139,"column":40}},"skip":true},"10":{"name":"(anonymous_10)","line":147,"loc":{"start":{"line":147,"column":77},"end":{"line":150,"column":10}},"skip":true},"11":{"name":"(anonymous_11)","line":158,"loc":{"start":{"line":158,"column":83},"end":{"line":161,"column":10}},"skip":true},"12":{"name":"(anonymous_12)","line":169,"loc":{"start":{"line":169,"column":79},"end":{"line":172,"column":10}},"skip":true},"13":{"name":"(anonymous_13)","line":180,"loc":{"start":{"line":180,"column":75},"end":{"line":183,"column":10}},"skip":true}},"statementMap":{"1":{"start":{"line":12,"column":0},"end":{"line":195,"column":5}},"2":{"start":{"line":14,"column":4},"end":{"line":14,"column":14}},"3":{"start":{"line":19,"column":4},"end":{"line":56,"column":9}},"4":{"start":{"line":21,"column":8},"end":{"line":21,"column":19}},"5":{"start":{"line":23,"column":8},"end":{"line":35,"column":13}},"6":{"start":{"line":24,"column":12},"end":{"line":34,"column":13}},"7":{"start":{"line":25,"column":16},"end":{"line":28,"column":30}},"8":{"start":{"line":30,"column":16},"end":{"line":33,"column":27}},"9":{"start":{"line":37,"column":8},"end":{"line":39,"column":21}},"10":{"start":{"line":40,"column":8},"end":{"line":53,"column":9}},"11":{"start":{"line":43,"column":12},"end":{"line":46,"column":14}},"12":{"start":{"line":47,"column":12},"end":{"line":47,"column":18}},"13":{"start":{"line":50,"column":12},"end":{"line":51,"column":46}},"14":{"start":{"line":52,"column":12},"end":{"line":52,"column":18}},"15":{"start":{"line":55,"column":8},"end":{"line":55,"column":35}},"16":{"start":{"line":61,"column":4},"end":{"line":63,"column":9}},"17":{"start":{"line":62,"column":8},"end":{"line":62,"column":15}},"18":{"start":{"line":64,"column":4},"end":{"line":77,"column":5}},"19":{"start":{"line":70,"column":8},"end":{"line":70,"column":14}},"20":{"start":{"line":76,"column":8},"end":{"line":76,"column":14}},"21":{"start":{"line":82,"column":4},"end":{"line":84,"column":9}},"22":{"start":{"line":83,"column":8},"end":{"line":83,"column":15}},"23":{"start":{"line":85,"column":4},"end":{"line":194,"column":5}},"24":{"start":{"line":91,"column":8},"end":{"line":99,"column":10}},"25":{"start":{"line":98,"column":12},"end":{"line":98,"column":35}},"26":{"start":{"line":102,"column":8},"end":{"line":104,"column":63}},"27":{"start":{"line":105,"column":8},"end":{"line":105,"column":14}},"28":{"start":{"line":112,"column":8},"end":{"line":121,"column":10},"skip":true},"29":{"start":{"line":119,"column":12},"end":{"line":119,"column":55},"skip":true},"30":{"start":{"line":120,"column":12},"end":{"line":120,"column":48},"skip":true},"31":{"start":{"line":123,"column":8},"end":{"line":136,"column":10},"skip":true},"32":{"start":{"line":130,"column":12},"end":{"line":130,"column":76},"skip":true},"33":{"start":{"line":131,"column":12},"end":{"line":131,"column":73},"skip":true},"34":{"start":{"line":132,"column":12},"end":{"line":132,"column":74},"skip":true},"35":{"start":{"line":133,"column":12},"end":{"line":133,"column":79},"skip":true},"36":{"start":{"line":134,"column":12},"end":{"line":134,"column":25},"skip":true},"37":{"start":{"line":135,"column":12},"end":{"line":135,"column":45},"skip":true},"38":{"start":{"line":138,"column":8},"end":{"line":145,"column":14},"skip":true},"39":{"start":{"line":143,"column":16},"end":{"line":143,"column":29},"skip":true},"40":{"start":{"line":144,"column":16},"end":{"line":144,"column":55},"skip":true},"41":{"start":{"line":147,"column":8},"end":{"line":156,"column":10},"skip":true},"42":{"start":{"line":154,"column":12},"end":{"line":154,"column":25},"skip":true},"43":{"start":{"line":155,"column":12},"end":{"line":155,"column":45},"skip":true},"44":{"start":{"line":158,"column":8},"end":{"line":167,"column":10},"skip":true},"45":{"start":{"line":165,"column":12},"end":{"line":165,"column":25},"skip":true},"46":{"start":{"line":166,"column":12},"end":{"line":166,"column":48},"skip":true},"47":{"start":{"line":169,"column":8},"end":{"line":178,"column":10},"skip":true},"48":{"start":{"line":176,"column":12},"end":{"line":176,"column":25},"skip":true},"49":{"start":{"line":177,"column":12},"end":{"line":177,"column":46},"skip":true},"50":{"start":{"line":180,"column":8},"end":{"line":189,"column":10},"skip":true},"51":{"start":{"line":187,"column":12},"end":{"line":187,"column":94},"skip":true},"52":{"start":{"line":188,"column":12},"end":{"line":188,"column":48},"skip":true},"53":{"start":{"line":192,"column":8},"end":{"line":192,"column":35},"skip":true},"54":{"start":{"line":193,"column":8},"end":{"line":193,"column":14},"skip":true}},"branchMap":{"1":{"line":25,"type":"binary-expr","locations":[{"start":{"line":25,"column":23},"end":{"line":25,"column":62}},{"start":{"line":26,"column":20},"end":{"line":26,"column":70}},{"start":{"line":27,"column":20},"end":{"line":27,"column":71}},{"start":{"line":28,"column":20},"end":{"line":28,"column":29}}]},"2":{"line":30,"type":"binary-expr","locations":[{"start":{"line":30,"column":23},"end":{"line":30,"column":37}},{"start":{"line":31,"column":20},"end":{"line":31,"column":61}},{"start":{"line":32,"column":20},"end":{"line":32,"column":70}},{"start":{"line":33,"column":20},"end":{"line":33,"column":26}}]},"3":{"line":37,"type":"cond-expr","locations":[{"start":{"line":38,"column":14},"end":{"line":38,"column":20}},{"start":{"line":39,"column":14},"end":{"line":39,"column":20}}]},"4":{"line":40,"type":"switch","locations":[{"start":{"line":42,"column":8},"end":{"line":47,"column":18}},{"start":{"line":49,"column":8},"end":{"line":52,"column":18}}]},"5":{"line":44,"type":"binary-expr","locations":[{"start":{"line":44,"column":16},"end":{"line":44,"column":44}},{"start":{"line":44,"column":48},"end":{"line":44,"column":66}}]},"6":{"line":50,"type":"binary-expr","locations":[{"start":{"line":50,"column":21},"end":{"line":50,"column":49}},{"start":{"line":50,"column":53},"end":{"line":50,"column":72}}]},"7":{"line":64,"type":"switch","locations":[{"start":{"line":69,"column":4},"end":{"line":70,"column":14}},{"start":{"line":75,"column":4},"end":{"line":76,"column":14}}]},"8":{"line":85,"type":"switch","locations":[{"start":{"line":90,"column":4},"end":{"line":105,"column":14}},{"start":{"line":111,"column":4},"end":{"line":193,"column":14},"skip":true}]},"9":{"line":91,"type":"binary-expr","locations":[{"start":{"line":91,"column":42},"end":{"line":91,"column":73}},{"start":{"line":91,"column":77},"end":{"line":99,"column":9}}]},"10":{"line":102,"type":"binary-expr","locations":[{"start":{"line":102,"column":18},"end":{"line":102,"column":32}},{"start":{"line":103,"column":12},"end":{"line":103,"column":53}},{"start":{"line":104,"column":12},"end":{"line":104,"column":61}}]},"11":{"line":112,"type":"binary-expr","locations":[{"start":{"line":112,"column":45},"end":{"line":112,"column":79},"skip":true},{"start":{"line":112,"column":83},"end":{"line":121,"column":9},"skip":true}]},"12":{"line":123,"type":"binary-expr","locations":[{"start":{"line":123,"column":42},"end":{"line":123,"column":73},"skip":true},{"start":{"line":123,"column":77},"end":{"line":136,"column":9},"skip":true}]},"13":{"line":138,"type":"binary-expr","locations":[{"start":{"line":138,"column":48},"end":{"line":138,"column":85},"skip":true},{"start":{"line":139,"column":12},"end":{"line":145,"column":13},"skip":true}]},"14":{"line":147,"type":"binary-expr","locations":[{"start":{"line":147,"column":42},"end":{"line":147,"column":73},"skip":true},{"start":{"line":147,"column":77},"end":{"line":156,"column":9},"skip":true}]},"15":{"line":158,"type":"binary-expr","locations":[{"start":{"line":158,"column":45},"end":{"line":158,"column":79},"skip":true},{"start":{"line":158,"column":83},"end":{"line":167,"column":9},"skip":true}]},"16":{"line":169,"type":"binary-expr","locations":[{"start":{"line":169,"column":43},"end":{"line":169,"column":75},"skip":true},{"start":{"line":169,"column":79},"end":{"line":178,"column":9},"skip":true}]},"17":{"line":180,"type":"binary-expr","locations":[{"start":{"line":180,"column":41},"end":{"line":180,"column":71},"skip":true},{"start":{"line":180,"column":75},"end":{"line":189,"column":9},"skip":true}]}},"code":["/* istanbul instrument in package npmtest_xstream */","/*jslint","    bitwise: true,","    browser: true,","    maxerr: 8,","    maxlen: 96,","    node: true,","    nomen: true,","    regexp: true,","    stupid: true","*/","(function () {","    'use strict';","    var local;","","","","    // run shared js-env code - pre-init","    (function () {","        // init local","        local = {};","        // init modeJs","        local.modeJs = (function () {","            try {","                return typeof navigator.userAgent === 'string' &&","                    typeof document.querySelector('body') === 'object' &&","                    typeof XMLHttpRequest.prototype.open === 'function' &&","                    'browser';","            } catch (errorCaughtBrowser) {","                return module.exports &&","                    typeof process.versions.node === 'string' &&","                    typeof require('http').createServer === 'function' &&","                    'node';","            }","        }());","        // init global","        local.global = local.modeJs === 'browser'","            ? window","            : global;","        switch (local.modeJs) {","        // re-init local from window.local","        case 'browser':","            local = local.global.utility2.objectSetDefault(","                local.global.utility2_rollup || local.global.local,","                local.global.utility2","            );","            break;","        // re-init local from example.js","        case 'node':","            local = (local.global.utility2_rollup || require('utility2'))","                .requireExampleJsFromReadme();","            break;","        }","        // export local","        local.global.local = local;","    }());","","","","    // run shared js-env code - function","    (function () {","        return;","    }());","    switch (local.modeJs) {","","","","    // run browser js-env code - function","    case 'browser':","        break;","","","","    // run node js-env code - function","    case 'node':","        break;","    }","","","","    // run shared js-env code - post-init","    (function () {","        return;","    }());","    switch (local.modeJs) {","","","","    // run browser js-env code - post-init","    case 'browser':","        local.testCase_browser_nullCase = local.testCase_browser_nullCase || function (","            options,","            onError","        ) {","        /*","         * this function will test browsers's null-case handling-behavior-behavior","         */","            onError(null, options);","        };","","        // run tests","        local.nop(local.modeTest &&","            document.querySelector('#testRunButton1') &&","            document.querySelector('#testRunButton1').click());","        break;","","","","    // run node js-env code - post-init","    /* istanbul ignore next */","    case 'node':","        local.testCase_buildApidoc_default = local.testCase_buildApidoc_default || function (","            options,","            onError","        ) {","        /*","         * this function will test buildApidoc's default handling-behavior-behavior","         */","            options = { modulePathList: module.paths };","            local.buildApidoc(options, onError);","        };","","        local.testCase_buildApp_default = local.testCase_buildApp_default || function (","            options,","            onError","        ) {","        /*","         * this function will test buildApp's default handling-behavior-behavior","         */","            local.testCase_buildReadme_default(options, local.onErrorThrow);","            local.testCase_buildLib_default(options, local.onErrorThrow);","            local.testCase_buildTest_default(options, local.onErrorThrow);","            local.testCase_buildCustomOrg_default(options, local.onErrorThrow);","            options = [];","            local.buildApp(options, onError);","        };","","        local.testCase_buildCustomOrg_default = local.testCase_buildCustomOrg_default ||","            function (options, onError) {","            /*","             * this function will test buildCustomOrg's default handling-behavior","             */","                options = {};","                local.buildCustomOrg(options, onError);","            };","","        local.testCase_buildLib_default = local.testCase_buildLib_default || function (","            options,","            onError","        ) {","        /*","         * this function will test buildLib's default handling-behavior","         */","            options = {};","            local.buildLib(options, onError);","        };","","        local.testCase_buildReadme_default = local.testCase_buildReadme_default || function (","            options,","            onError","        ) {","        /*","         * this function will test buildReadme's default handling-behavior-behavior","         */","            options = {};","            local.buildReadme(options, onError);","        };","","        local.testCase_buildTest_default = local.testCase_buildTest_default || function (","            options,","            onError","        ) {","        /*","         * this function will test buildTest's default handling-behavior","         */","            options = {};","            local.buildTest(options, onError);","        };","","        local.testCase_webpage_default = local.testCase_webpage_default || function (","            options,","            onError","        ) {","        /*","         * this function will test webpage's default handling-behavior","         */","            options = { modeCoverageMerge: true, url: local.serverLocalHost + '?modeTest=1' };","            local.browserTest(options, onError);","        };","","        // run test-server","        local.testRunServer(local);","        break;","    }","}());",""],"l":{"12":2,"14":2,"19":2,"21":2,"23":2,"24":2,"25":2,"30":1,"37":2,"40":2,"43":1,"47":1,"50":1,"52":1,"55":2,"61":2,"62":2,"64":2,"70":1,"76":1,"82":2,"83":2,"85":2,"91":1,"98":1,"102":1,"105":1,"112":1,"119":1,"120":1,"123":1,"130":1,"131":1,"132":1,"133":1,"134":1,"135":1,"138":1,"143":2,"144":2,"147":1,"154":2,"155":2,"158":1,"165":2,"166":2,"169":1,"176":2,"177":2,"180":1,"187":1,"188":1,"192":1,"193":1}},"/home/travis/build/npmtest/node-npmtest-xstream/lib.npmtest_xstream.js":{"path":"/home/travis/build/npmtest/node-npmtest-xstream/lib.npmtest_xstream.js","s":{"1":2,"2":2,"3":2,"4":2,"5":2,"6":2,"7":2,"8":1,"9":2,"10":2,"11":2,"12":2,"13":1,"14":1,"15":1,"16":1},"b":{"1":[2,1,1,1],"2":[1,1,1,1],"3":[1,1],"4":[2,2],"5":[1,1]},"f":{"1":2,"2":2,"3":2},"fnMap":{"1":{"name":"(anonymous_1)","line":12,"loc":{"start":{"line":12,"column":1},"end":{"line":12,"column":13}}},"2":{"name":"(anonymous_2)","line":19,"loc":{"start":{"line":19,"column":5},"end":{"line":19,"column":17}}},"3":{"name":"(anonymous_3)","line":23,"loc":{"start":{"line":23,"column":24},"end":{"line":23,"column":36}}}},"statementMap":{"1":{"start":{"line":12,"column":0},"end":{"line":53,"column":5}},"2":{"start":{"line":14,"column":4},"end":{"line":14,"column":14}},"3":{"start":{"line":19,"column":4},"end":{"line":52,"column":9}},"4":{"start":{"line":21,"column":8},"end":{"line":21,"column":19}},"5":{"start":{"line":23,"column":8},"end":{"line":35,"column":13}},"6":{"start":{"line":24,"column":12},"end":{"line":34,"column":13}},"7":{"start":{"line":25,"column":16},"end":{"line":28,"column":30}},"8":{"start":{"line":30,"column":16},"end":{"line":33,"column":27}},"9":{"start":{"line":37,"column":8},"end":{"line":39,"column":21}},"10":{"start":{"line":41,"column":8},"end":{"line":41,"column":54}},"11":{"start":{"line":43,"column":8},"end":{"line":43,"column":52}},"12":{"start":{"line":45,"column":8},"end":{"line":51,"column":9}},"13":{"start":{"line":46,"column":12},"end":{"line":46,"column":58}},"14":{"start":{"line":48,"column":12},"end":{"line":48,"column":35}},"15":{"start":{"line":49,"column":12},"end":{"line":49,"column":49}},"16":{"start":{"line":50,"column":12},"end":{"line":50,"column":43}}},"branchMap":{"1":{"line":25,"type":"binary-expr","locations":[{"start":{"line":25,"column":23},"end":{"line":25,"column":62}},{"start":{"line":26,"column":20},"end":{"line":26,"column":70}},{"start":{"line":27,"column":20},"end":{"line":27,"column":71}},{"start":{"line":28,"column":20},"end":{"line":28,"column":29}}]},"2":{"line":30,"type":"binary-expr","locations":[{"start":{"line":30,"column":23},"end":{"line":30,"column":37}},{"start":{"line":31,"column":20},"end":{"line":31,"column":61}},{"start":{"line":32,"column":20},"end":{"line":32,"column":70}},{"start":{"line":33,"column":20},"end":{"line":33,"column":26}}]},"3":{"line":37,"type":"cond-expr","locations":[{"start":{"line":38,"column":14},"end":{"line":38,"column":20}},{"start":{"line":39,"column":14},"end":{"line":39,"column":20}}]},"4":{"line":41,"type":"binary-expr","locations":[{"start":{"line":41,"column":16},"end":{"line":41,"column":44}},{"start":{"line":41,"column":48},"end":{"line":41,"column":53}}]},"5":{"line":45,"type":"if","locations":[{"start":{"line":45,"column":8},"end":{"line":45,"column":8}},{"start":{"line":45,"column":8},"end":{"line":45,"column":8}}]}},"code":["/* istanbul instrument in package npmtest_xstream */","/*jslint","    bitwise: true,","    browser: true,","    maxerr: 8,","    maxlen: 96,","    node: true,","    nomen: true,","    regexp: true,","    stupid: true","*/","(function () {","    'use strict';","    var local;","","","","    // run shared js-env code - pre-init","    (function () {","        // init local","        local = {};","        // init modeJs","        local.modeJs = (function () {","            try {","                return typeof navigator.userAgent === 'string' &&","                    typeof document.querySelector('body') === 'object' &&","                    typeof XMLHttpRequest.prototype.open === 'function' &&","                    'browser';","            } catch (errorCaughtBrowser) {","                return module.exports &&","                    typeof process.versions.node === 'string' &&","                    typeof require('http').createServer === 'function' &&","                    'node';","            }","        }());","        // init global","        local.global = local.modeJs === 'browser'","            ? window","            : global;","        // init utility2_rollup","        local = local.global.utility2_rollup || local;","        // init lib","        local.local = local.npmtest_xstream = local;","        // init exports","        if (local.modeJs === 'browser') {","            local.global.utility2_npmtest_xstream = local;","        } else {","            module.exports = local;","            module.exports.__dirname = __dirname;","            module.exports.module = module;","        }","    }());","}());",""],"l":{"12":2,"14":2,"19":2,"21":2,"23":2,"24":2,"25":2,"30":1,"37":2,"41":2,"43":2,"45":2,"46":1,"48":1,"49":1,"50":1}},"/home/travis/build/npmtest/node-npmtest-xstream/example.js":{"path":"/home/travis/build/npmtest/node-npmtest-xstream/example.js","s":{"1":2,"2":2,"3":2,"4":2,"5":2,"6":2,"7":2,"8":1,"9":2,"10":2,"11":2,"12":2,"13":1,"14":2,"15":2,"16":2,"17":2,"18":2,"19":0,"20":2,"21":1,"22":1,"23":1,"24":1,"25":1,"26":0,"27":0,"28":1,"29":1,"30":2,"31":0,"32":0,"33":0,"34":1,"35":2,"36":2,"37":3,"38":3,"39":3,"40":3,"41":0,"42":3,"43":3,"44":3,"45":1,"46":3,"47":1,"48":1,"49":1,"50":1,"51":1,"52":1,"53":1,"54":1,"55":1,"56":1,"57":0,"58":1,"59":6,"60":6,"61":1,"62":2,"63":0,"64":2,"65":1,"66":1,"67":0,"68":0,"69":0,"70":0,"71":0,"72":0,"73":0,"74":0,"75":0,"76":0,"77":0,"78":0,"79":0,"80":0,"81":0,"82":0,"83":0},"b":{"1":[2,1,1,1],"2":[1,1,1,1],"3":[1,1],"4":[2,2],"5":[1,1],"6":[1,1],"7":[2,0],"8":[2,1,1,1,1,1],"9":[0,2,0],"10":[1,1],"11":[2,1,1],"12":[1,0],"13":[0,2],"14":[2,0,0,0,0,0,0],"15":[0,3],"16":[3,0],"17":[1,1],"18":[0,1],"19":[1,2,0,2],"20":[1,0],"21":[1,1],"22":[0,0],"23":[0,0],"24":[0,0],"25":[0,0],"26":[0,0],"27":[0,0],"28":[0,0]},"f":{"1":2,"2":2,"3":2,"4":2,"5":2,"6":2,"7":3,"8":3,"9":3,"10":1,"11":6,"12":0},"fnMap":{"1":{"name":"(anonymous_1)","line":26,"loc":{"start":{"line":26,"column":1},"end":{"line":26,"column":13}}},"2":{"name":"(anonymous_2)","line":33,"loc":{"start":{"line":33,"column":5},"end":{"line":33,"column":17}}},"3":{"name":"(anonymous_3)","line":37,"loc":{"start":{"line":37,"column":24},"end":{"line":37,"column":36}}},"4":{"name":"(anonymous_4)","line":69,"loc":{"start":{"line":69,"column":31},"end":{"line":69,"column":48}},"skip":true},"5":{"name":"(anonymous_5)","line":78,"loc":{"start":{"line":78,"column":26},"end":{"line":78,"column":45}},"skip":true},"6":{"name":"(anonymous_6)","line":123,"loc":{"start":{"line":123,"column":33},"end":{"line":123,"column":48}},"skip":true},"7":{"name":"(anonymous_7)","line":125,"loc":{"start":{"line":125,"column":27},"end":{"line":125,"column":39}},"skip":true},"8":{"name":"(anonymous_8)","line":133,"loc":{"start":{"line":133,"column":59},"end":{"line":133,"column":74}},"skip":true},"9":{"name":"(anonymous_9)","line":143,"loc":{"start":{"line":143,"column":45},"end":{"line":143,"column":62}},"skip":true},"10":{"name":"(anonymous_10)","line":144,"loc":{"start":{"line":144,"column":73},"end":{"line":144,"column":92}},"skip":true},"11":{"name":"(anonymous_11)","line":272,"loc":{"start":{"line":272,"column":51},"end":{"line":272,"column":77}},"skip":true},"12":{"name":"(anonymous_12)","line":315,"loc":{"start":{"line":315,"column":32},"end":{"line":315,"column":61}},"skip":true}},"statementMap":{"1":{"start":{"line":26,"column":0},"end":{"line":326,"column":5}},"2":{"start":{"line":28,"column":4},"end":{"line":28,"column":14}},"3":{"start":{"line":33,"column":4},"end":{"line":60,"column":9}},"4":{"start":{"line":35,"column":8},"end":{"line":35,"column":19}},"5":{"start":{"line":37,"column":8},"end":{"line":49,"column":13}},"6":{"start":{"line":38,"column":12},"end":{"line":48,"column":13}},"7":{"start":{"line":39,"column":16},"end":{"line":42,"column":30}},"8":{"start":{"line":44,"column":16},"end":{"line":47,"column":27}},"9":{"start":{"line":51,"column":8},"end":{"line":53,"column":21}},"10":{"start":{"line":55,"column":8},"end":{"line":57,"column":45}},"11":{"start":{"line":59,"column":8},"end":{"line":59,"column":35}},"12":{"start":{"line":61,"column":4},"end":{"line":325,"column":5}},"13":{"start":{"line":69,"column":8},"end":{"line":121,"column":10},"skip":true},"14":{"start":{"line":70,"column":12},"end":{"line":88,"column":13},"skip":true},"15":{"start":{"line":76,"column":16},"end":{"line":87,"column":19},"skip":true},"16":{"start":{"line":79,"column":20},"end":{"line":86,"column":21},"skip":true},"17":{"start":{"line":82,"column":24},"end":{"line":82,"column":43},"skip":true},"18":{"start":{"line":83,"column":24},"end":{"line":83,"column":30},"skip":true},"19":{"start":{"line":85,"column":24},"end":{"line":85,"column":49},"skip":true},"20":{"start":{"line":89,"column":12},"end":{"line":107,"column":13},"skip":true},"21":{"start":{"line":92,"column":16},"end":{"line":102,"column":17},"skip":true},"22":{"start":{"line":93,"column":20},"end":{"line":93,"column":86},"skip":true},"23":{"start":{"line":94,"column":20},"end":{"line":95,"column":45},"skip":true},"24":{"start":{"line":96,"column":20},"end":{"line":96,"column":42},"skip":true},"25":{"start":{"line":97,"column":20},"end":{"line":97,"column":48},"skip":true},"26":{"start":{"line":100,"column":20},"end":{"line":100,"column":85},"skip":true},"27":{"start":{"line":101,"column":20},"end":{"line":101,"column":96},"skip":true},"28":{"start":{"line":103,"column":16},"end":{"line":103,"column":22},"skip":true},"29":{"start":{"line":106,"column":16},"end":{"line":106,"column":22},"skip":true},"30":{"start":{"line":108,"column":12},"end":{"line":120,"column":13},"skip":true},"31":{"start":{"line":114,"column":16},"end":{"line":119,"column":17},"skip":true},"32":{"start":{"line":116,"column":20},"end":{"line":116,"column":78},"skip":true},"33":{"start":{"line":118,"column":20},"end":{"line":118,"column":47},"skip":true},"34":{"start":{"line":123,"column":8},"end":{"line":141,"column":11},"skip":true},"35":{"start":{"line":124,"column":12},"end":{"line":124,"column":54},"skip":true},"36":{"start":{"line":125,"column":12},"end":{"line":140,"column":14},"skip":true},"37":{"start":{"line":126,"column":16},"end":{"line":126,"column":28},"skip":true},"38":{"start":{"line":127,"column":16},"end":{"line":127,"column":69},"skip":true},"39":{"start":{"line":128,"column":16},"end":{"line":128,"column":75},"skip":true},"40":{"start":{"line":129,"column":16},"end":{"line":131,"column":17},"skip":true},"41":{"start":{"line":130,"column":20},"end":{"line":130,"column":27},"skip":true},"42":{"start":{"line":133,"column":16},"end":{"line":137,"column":36},"skip":true},"43":{"start":{"line":134,"column":20},"end":{"line":136,"column":55},"skip":true},"44":{"start":{"line":139,"column":16},"end":{"line":139,"column":57},"skip":true},"45":{"start":{"line":143,"column":8},"end":{"line":147,"column":11},"skip":true},"46":{"start":{"line":144,"column":12},"end":{"line":146,"column":15},"skip":true},"47":{"start":{"line":145,"column":16},"end":{"line":145,"column":70},"skip":true},"48":{"start":{"line":149,"column":8},"end":{"line":149,"column":31},"skip":true},"49":{"start":{"line":150,"column":8},"end":{"line":150,"column":14},"skip":true},"50":{"start":{"line":158,"column":8},"end":{"line":158,"column":31},"skip":true},"51":{"start":{"line":160,"column":8},"end":{"line":160,"column":33},"skip":true},"52":{"start":{"line":161,"column":8},"end":{"line":161,"column":37},"skip":true},"53":{"start":{"line":162,"column":8},"end":{"line":162,"column":35},"skip":true},"54":{"start":{"line":164,"column":8},"end":{"line":164,"column":50},"skip":true},"55":{"start":{"line":166,"column":8},"end":{"line":256,"column":2},"skip":true},"56":{"start":{"line":258,"column":8},"end":{"line":286,"column":9},"skip":true},"57":{"start":{"line":259,"column":12},"end":{"line":269,"column":14},"skip":true},"58":{"start":{"line":271,"column":12},"end":{"line":285,"column":19},"skip":true},"59":{"start":{"line":274,"column":20},"end":{"line":274,"column":35},"skip":true},"60":{"start":{"line":275,"column":20},"end":{"line":284,"column":21},"skip":true},"61":{"start":{"line":277,"column":24},"end":{"line":277,"column":64},"skip":true},"62":{"start":{"line":279,"column":24},"end":{"line":279,"column":40},"skip":true},"63":{"start":{"line":281,"column":24},"end":{"line":281,"column":40},"skip":true},"64":{"start":{"line":283,"column":24},"end":{"line":283,"column":39},"skip":true},"65":{"start":{"line":288,"column":8},"end":{"line":290,"column":9},"skip":true},"66":{"start":{"line":289,"column":12},"end":{"line":289,"column":18},"skip":true},"67":{"start":{"line":291,"column":8},"end":{"line":293,"column":54},"skip":true},"68":{"start":{"line":296,"column":8},"end":{"line":301,"column":37},"skip":true},"69":{"start":{"line":303,"column":8},"end":{"line":303,"column":82},"skip":true},"70":{"start":{"line":306,"column":8},"end":{"line":308,"column":9},"skip":true},"71":{"start":{"line":307,"column":12},"end":{"line":307,"column":82},"skip":true},"72":{"start":{"line":310,"column":8},"end":{"line":312,"column":9},"skip":true},"73":{"start":{"line":311,"column":12},"end":{"line":311,"column":18},"skip":true},"74":{"start":{"line":313,"column":8},"end":{"line":313,"column":54},"skip":true},"75":{"start":{"line":314,"column":8},"end":{"line":314,"column":69},"skip":true},"76":{"start":{"line":315,"column":8},"end":{"line":323,"column":36},"skip":true},"77":{"start":{"line":316,"column":12},"end":{"line":316,"column":61},"skip":true},"78":{"start":{"line":317,"column":12},"end":{"line":320,"column":13},"skip":true},"79":{"start":{"line":318,"column":16},"end":{"line":318,"column":75},"skip":true},"80":{"start":{"line":319,"column":16},"end":{"line":319,"column":23},"skip":true},"81":{"start":{"line":321,"column":12},"end":{"line":321,"column":38},"skip":true},"82":{"start":{"line":322,"column":12},"end":{"line":322,"column":27},"skip":true},"83":{"start":{"line":324,"column":8},"end":{"line":324,"column":14},"skip":true}},"branchMap":{"1":{"line":39,"type":"binary-expr","locations":[{"start":{"line":39,"column":23},"end":{"line":39,"column":62}},{"start":{"line":40,"column":20},"end":{"line":40,"column":70}},{"start":{"line":41,"column":20},"end":{"line":41,"column":71}},{"start":{"line":42,"column":20},"end":{"line":42,"column":29}}]},"2":{"line":44,"type":"binary-expr","locations":[{"start":{"line":44,"column":23},"end":{"line":44,"column":37}},{"start":{"line":45,"column":20},"end":{"line":45,"column":61}},{"start":{"line":46,"column":20},"end":{"line":46,"column":70}},{"start":{"line":47,"column":20},"end":{"line":47,"column":26}}]},"3":{"line":51,"type":"cond-expr","locations":[{"start":{"line":52,"column":14},"end":{"line":52,"column":20}},{"start":{"line":53,"column":14},"end":{"line":53,"column":20}}]},"4":{"line":55,"type":"binary-expr","locations":[{"start":{"line":55,"column":16},"end":{"line":55,"column":44}},{"start":{"line":55,"column":49},"end":{"line":57,"column":43}}]},"5":{"line":55,"type":"cond-expr","locations":[{"start":{"line":56,"column":14},"end":{"line":56,"column":51}},{"start":{"line":57,"column":14},"end":{"line":57,"column":43}}]},"6":{"line":61,"type":"switch","locations":[{"start":{"line":68,"column":4},"end":{"line":150,"column":14},"skip":true},{"start":{"line":156,"column":4},"end":{"line":324,"column":14},"skip":true}]},"7":{"line":70,"type":"if","locations":[{"start":{"line":70,"column":12},"end":{"line":70,"column":12},"skip":true},{"start":{"line":70,"column":12},"end":{"line":70,"column":12},"skip":true}]},"8":{"line":70,"type":"binary-expr","locations":[{"start":{"line":70,"column":16},"end":{"line":70,"column":22},"skip":true},{"start":{"line":70,"column":27},"end":{"line":70,"column":32},"skip":true},{"start":{"line":71,"column":20},"end":{"line":71,"column":39},"skip":true},{"start":{"line":72,"column":20},"end":{"line":72,"column":49},"skip":true},{"start":{"line":73,"column":20},"end":{"line":73,"column":58},"skip":true},{"start":{"line":74,"column":20},"end":{"line":74,"column":69},"skip":true}]},"9":{"line":79,"type":"switch","locations":[{"start":{"line":80,"column":20},"end":{"line":80,"column":33},"skip":true},{"start":{"line":81,"column":20},"end":{"line":83,"column":30},"skip":true},{"start":{"line":84,"column":20},"end":{"line":85,"column":49},"skip":true}]},"10":{"line":89,"type":"switch","locations":[{"start":{"line":90,"column":12},"end":{"line":103,"column":22},"skip":true},{"start":{"line":105,"column":12},"end":{"line":106,"column":22},"skip":true}]},"11":{"line":89,"type":"binary-expr","locations":[{"start":{"line":89,"column":20},"end":{"line":89,"column":25},"skip":true},{"start":{"line":89,"column":29},"end":{"line":89,"column":48},"skip":true},{"start":{"line":89,"column":52},"end":{"line":89,"column":74},"skip":true}]},"12":{"line":92,"type":"if","locations":[{"start":{"line":92,"column":16},"end":{"line":92,"column":16},"skip":true},{"start":{"line":92,"column":16},"end":{"line":92,"column":16},"skip":true}]},"13":{"line":108,"type":"if","locations":[{"start":{"line":108,"column":12},"end":{"line":108,"column":12},"skip":true},{"start":{"line":108,"column":12},"end":{"line":108,"column":12},"skip":true}]},"14":{"line":108,"type":"binary-expr","locations":[{"start":{"line":108,"column":16},"end":{"line":108,"column":61},"skip":true},{"start":{"line":108,"column":66},"end":{"line":108,"column":72},"skip":true},{"start":{"line":108,"column":77},"end":{"line":108,"column":82},"skip":true},{"start":{"line":109,"column":20},"end":{"line":109,"column":39},"skip":true},{"start":{"line":110,"column":20},"end":{"line":110,"column":49},"skip":true},{"start":{"line":111,"column":20},"end":{"line":111,"column":58},"skip":true},{"start":{"line":112,"column":20},"end":{"line":112,"column":68},"skip":true}]},"15":{"line":129,"type":"if","locations":[{"start":{"line":129,"column":16},"end":{"line":129,"column":16},"skip":true},{"start":{"line":129,"column":16},"end":{"line":129,"column":16},"skip":true}]},"16":{"line":134,"type":"cond-expr","locations":[{"start":{"line":135,"column":26},"end":{"line":135,"column":29},"skip":true},{"start":{"line":136,"column":26},"end":{"line":136,"column":54},"skip":true}]},"17":{"line":164,"type":"binary-expr","locations":[{"start":{"line":164,"column":27},"end":{"line":164,"column":43},"skip":true},{"start":{"line":164,"column":47},"end":{"line":164,"column":49},"skip":true}]},"18":{"line":258,"type":"if","locations":[{"start":{"line":258,"column":8},"end":{"line":258,"column":8},"skip":true},{"start":{"line":258,"column":8},"end":{"line":258,"column":8},"skip":true}]},"19":{"line":275,"type":"switch","locations":[{"start":{"line":276,"column":20},"end":{"line":277,"column":64},"skip":true},{"start":{"line":278,"column":20},"end":{"line":279,"column":40},"skip":true},{"start":{"line":280,"column":20},"end":{"line":281,"column":40},"skip":true},{"start":{"line":282,"column":20},"end":{"line":283,"column":39},"skip":true}]},"20":{"line":288,"type":"if","locations":[{"start":{"line":288,"column":8},"end":{"line":288,"column":8},"skip":true},{"start":{"line":288,"column":8},"end":{"line":288,"column":8},"skip":true}]},"21":{"line":288,"type":"binary-expr","locations":[{"start":{"line":288,"column":12},"end":{"line":288,"column":40},"skip":true},{"start":{"line":288,"column":44},"end":{"line":288,"column":67},"skip":true}]},"22":{"line":292,"type":"binary-expr","locations":[{"start":{"line":292,"column":12},"end":{"line":292,"column":50},"skip":true},{"start":{"line":293,"column":12},"end":{"line":293,"column":53},"skip":true}]},"23":{"line":297,"type":"binary-expr","locations":[{"start":{"line":297,"column":12},"end":{"line":297,"column":65},"skip":true},{"start":{"line":298,"column":12},"end":{"line":301,"column":36},"skip":true}]},"24":{"line":303,"type":"binary-expr","locations":[{"start":{"line":303,"column":43},"end":{"line":303,"column":75},"skip":true},{"start":{"line":303,"column":79},"end":{"line":303,"column":81},"skip":true}]},"25":{"line":306,"type":"if","locations":[{"start":{"line":306,"column":8},"end":{"line":306,"column":8},"skip":true},{"start":{"line":306,"column":8},"end":{"line":306,"column":8},"skip":true}]},"26":{"line":310,"type":"if","locations":[{"start":{"line":310,"column":8},"end":{"line":310,"column":8},"skip":true},{"start":{"line":310,"column":8},"end":{"line":310,"column":8},"skip":true}]},"27":{"line":313,"type":"binary-expr","locations":[{"start":{"line":313,"column":27},"end":{"line":313,"column":43},"skip":true},{"start":{"line":313,"column":47},"end":{"line":313,"column":53},"skip":true}]},"28":{"line":317,"type":"if","locations":[{"start":{"line":317,"column":12},"end":{"line":317,"column":12},"skip":true},{"start":{"line":317,"column":12},"end":{"line":317,"column":12},"skip":true}]}},"code":["/*","example.js","","quickstart example","","instruction","    1. save this script as example.js","    2. run the shell command:","        $ npm install npmtest-xstream && PORT=8081 node example.js","    3. play with the browser-demo on http://127.0.0.1:8081","*/","","","","/* istanbul instrument in package npmtest_xstream */","/*jslint","    bitwise: true,","    browser: true,","    maxerr: 8,","    maxlen: 96,","    node: true,","    nomen: true,","    regexp: true,","    stupid: true","*/","(function () {","    'use strict';","    var local;","","","","    // run shared js-env code - pre-init","    (function () {","        // init local","        local = {};","        // init modeJs","        local.modeJs = (function () {","            try {","                return typeof navigator.userAgent === 'string' &&","                    typeof document.querySelector('body') === 'object' &&","                    typeof XMLHttpRequest.prototype.open === 'function' &&","                    'browser';","            } catch (errorCaughtBrowser) {","                return module.exports &&","                    typeof process.versions.node === 'string' &&","                    typeof require('http').createServer === 'function' &&","                    'node';","            }","        }());","        // init global","        local.global = local.modeJs === 'browser'","            ? window","            : global;","        // init utility2_rollup","        local = local.global.utility2_rollup || (local.modeJs === 'browser'","            ? local.global.utility2_npmtest_xstream","            : global.utility2_moduleExports);","        // export local","        local.global.local = local;","    }());","    switch (local.modeJs) {","","","","    // post-init","    // run browser js-env code - post-init","    /* istanbul ignore next */","    case 'browser':","        local.testRunBrowser = function (event) {","            if (!event || (event &&","                    event.currentTarget &&","                    event.currentTarget.className &&","                    event.currentTarget.className.includes &&","                    event.currentTarget.className.includes('onreset'))) {","                // reset output","                Array.from(","                    document.querySelectorAll('body > .resettable')","                ).forEach(function (element) {","                    switch (element.tagName) {","                    case 'INPUT':","                    case 'TEXTAREA':","                        element.value = '';","                        break;","                    default:","                        element.textContent = '';","                    }","                });","            }","            switch (event && event.currentTarget && event.currentTarget.id) {","            case 'testRunButton1':","                // show tests","                if (document.querySelector('#testReportDiv1').style.display === 'none') {","                    document.querySelector('#testReportDiv1').style.display = 'block';","                    document.querySelector('#testRunButton1').textContent =","                        'hide internal test';","                    local.modeTest = true;","                    local.testRunDefault(local);","                // hide tests","                } else {","                    document.querySelector('#testReportDiv1').style.display = 'none';","                    document.querySelector('#testRunButton1').textContent = 'run internal test';","                }","                break;","            // custom-case","            default:","                break;","            }","            if (document.querySelector('#inputTextareaEval1') && (!event || (event &&","                    event.currentTarget &&","                    event.currentTarget.className &&","                    event.currentTarget.className.includes &&","                    event.currentTarget.className.includes('oneval')))) {","                // try to eval input-code","                try {","                    /*jslint evil: true*/","                    eval(document.querySelector('#inputTextareaEval1').value);","                } catch (errorCaught) {","                    console.error(errorCaught);","                }","            }","        };","        // log stderr and stdout to #outputTextareaStdout1","        ['error', 'log'].forEach(function (key) {","            console[key + '_original'] = console[key];","            console[key] = function () {","                var element;","                console[key + '_original'].apply(console, arguments);","                element = document.querySelector('#outputTextareaStdout1');","                if (!element) {","                    return;","                }","                // append text to #outputTextareaStdout1","                element.value += Array.from(arguments).map(function (arg) {","                    return typeof arg === 'string'","                        ? arg","                        : JSON.stringify(arg, null, 4);","                }).join(' ') + '\\n';","                // scroll textarea to bottom","                element.scrollTop = element.scrollHeight;","            };","        });","        // init event-handling","        ['change', 'click', 'keyup'].forEach(function (event) {","            Array.from(document.querySelectorAll('.on' + event)).forEach(function (element) {","                element.addEventListener(event, local.testRunBrowser);","            });","        });","        // run tests","        local.testRunBrowser();","        break;","","","","    // run node js-env code - post-init","    /* istanbul ignore next */","    case 'node':","        // export local","        module.exports = local;","        // require modules","        local.fs = require('fs');","        local.http = require('http');","        local.url = require('url');","        // init assets","        local.assetsDict = local.assetsDict || {};","        /* jslint-ignore-begin */","        local.assetsDict['/assets.index.template.html'] = '\\","<!doctype html>\\n\\","<html lang=\"en\">\\n\\","<head>\\n\\","<meta charset=\"UTF-8\">\\n\\","<meta name=\"viewport\" content=\"width=device-width, initial-scale=1\">\\n\\","<title>{{env.npm_package_name}} (v{{env.npm_package_version}})</title>\\n\\","<style>\\n\\","/*csslint\\n\\","    box-sizing: false,\\n\\","    universal-selector: false\\n\\","*/\\n\\","* {\\n\\","    box-sizing: border-box;\\n\\","}\\n\\","body {\\n\\","    background: #dde;\\n\\","    font-family: Arial, Helvetica, sans-serif;\\n\\","    margin: 2rem;\\n\\","}\\n\\","body > * {\\n\\","    margin-bottom: 1rem;\\n\\","}\\n\\",".utility2FooterDiv {\\n\\","    margin-top: 20px;\\n\\","    text-align: center;\\n\\","}\\n\\","</style>\\n\\","<style>\\n\\","/*csslint\\n\\","*/\\n\\","textarea {\\n\\","    font-family: monospace;\\n\\","    height: 10rem;\\n\\","    width: 100%;\\n\\","}\\n\\","textarea[readonly] {\\n\\","    background: #ddd;\\n\\","}\\n\\","</style>\\n\\","</head>\\n\\","<body>\\n\\","<!-- utility2-comment\\n\\","<div id=\"ajaxProgressDiv1\" style=\"background: #d00; height: 2px; left: 0; margin: 0; padding: 0; position: fixed; top: 0; transition: background 0.5s, width 1.5s; width: 25%;\"></div>\\n\\","utility2-comment -->\\n\\","<h1>\\n\\","<!-- utility2-comment\\n\\","    <a\\n\\","        {{#if env.npm_package_homepage}}\\n\\","        href=\"{{env.npm_package_homepage}}\"\\n\\","        {{/if env.npm_package_homepage}}\\n\\","        target=\"_blank\"\\n\\","    >\\n\\","utility2-comment -->\\n\\","        {{env.npm_package_name}} (v{{env.npm_package_version}})\\n\\","<!-- utility2-comment\\n\\","    </a>\\n\\","utility2-comment -->\\n\\","</h1>\\n\\","<h3>{{env.npm_package_description}}</h3>\\n\\","<!-- utility2-comment\\n\\","<h4><a download href=\"assets.app.js\">download standalone app</a></h4>\\n\\","<button class=\"onclick onreset\" id=\"testRunButton1\">run internal test</button><br>\\n\\","<div id=\"testReportDiv1\" style=\"display: none;\"></div>\\n\\","utility2-comment -->\\n\\","\\n\\","\\n\\","\\n\\","<label>stderr and stdout</label>\\n\\","<textarea class=\"resettable\" id=\"outputTextareaStdout1\" readonly></textarea>\\n\\","<!-- utility2-comment\\n\\","{{#if isRollup}}\\n\\","<script src=\"assets.app.js\"></script>\\n\\","{{#unless isRollup}}\\n\\","utility2-comment -->\\n\\","<script src=\"assets.utility2.rollup.js\"></script>\\n\\","<script src=\"jsonp.utility2._stateInit?callback=window.utility2._stateInit\"></script>\\n\\","<script src=\"assets.npmtest_xstream.rollup.js\"></script>\\n\\","<script src=\"assets.example.js\"></script>\\n\\","<script src=\"assets.test.js\"></script>\\n\\","<!-- utility2-comment\\n\\","{{/if isRollup}}\\n\\","utility2-comment -->\\n\\","<div class=\"utility2FooterDiv\">\\n\\","    [ this app was created with\\n\\","    <a href=\"https://github.com/kaizhu256/node-utility2\" target=\"_blank\">utility2</a>\\n\\","    ]\\n\\","</div>\\n\\","</body>\\n\\","</html>\\n\\","';","        /* jslint-ignore-end */","        if (local.templateRender) {","            local.assetsDict['/'] = local.templateRender(","                local.assetsDict['/assets.index.template.html'],","                {","                    env: local.objectSetDefault(local.env, {","                        npm_package_description: 'the greatest app in the world!',","                        npm_package_name: 'my-app',","                        npm_package_nameAlias: 'my_app',","                        npm_package_version: '0.0.1'","                    })","                }","            );","        } else {","            local.assetsDict['/'] = local.assetsDict['/assets.index.template.html']","                .replace((/\\{\\{env\\.(\\w+?)\\}\\}/g), function (match0, match1) {","                    // jslint-hack","                    String(match0);","                    switch (match1) {","                    case 'npm_package_description':","                        return 'the greatest app in the world!';","                    case 'npm_package_name':","                        return 'my-app';","                    case 'npm_package_nameAlias':","                        return 'my_app';","                    case 'npm_package_version':","                        return '0.0.1';","                    }","                });","        }","        // run the cli","        if (local.global.utility2_rollup || module !== require.main) {","            break;","        }","        local.assetsDict['/assets.example.js'] =","            local.assetsDict['/assets.example.js'] ||","            local.fs.readFileSync(__filename, 'utf8');","        // bug-workaround - long $npm_package_buildCustomOrg","        /* jslint-ignore-begin */","        local.assetsDict['/assets.npmtest_xstream.rollup.js'] =","            local.assetsDict['/assets.npmtest_xstream.rollup.js'] ||","            local.fs.readFileSync(","                local.npmtest_xstream.__dirname + '/lib.npmtest_xstream.js',","                'utf8'","            ).replace((/^#!/), '//');","        /* jslint-ignore-end */","        local.assetsDict['/favicon.ico'] = local.assetsDict['/favicon.ico'] || '';","        // if $npm_config_timeout_exit exists,","        // then exit this process after $npm_config_timeout_exit ms","        if (Number(process.env.npm_config_timeout_exit)) {","            setTimeout(process.exit, Number(process.env.npm_config_timeout_exit));","        }","        // start server","        if (local.global.utility2_serverHttp1) {","            break;","        }","        process.env.PORT = process.env.PORT || '8081';","        console.error('server starting on port ' + process.env.PORT);","        local.http.createServer(function (request, response) {","            request.urlParsed = local.url.parse(request.url);","            if (local.assetsDict[request.urlParsed.pathname] !== undefined) {","                response.end(local.assetsDict[request.urlParsed.pathname]);","                return;","            }","            response.statusCode = 404;","            response.end();","        }).listen(process.env.PORT);","        break;","    }","}());",""],"l":{"26":2,"28":2,"33":2,"35":2,"37":2,"38":2,"39":2,"44":1,"51":2,"55":2,"59":2,"61":2,"69":1,"70":2,"76":2,"79":2,"82":2,"83":2,"85":1,"89":2,"92":1,"93":1,"94":1,"96":1,"97":1,"100":1,"101":1,"103":1,"106":1,"108":2,"114":1,"116":1,"118":1,"123":1,"124":2,"125":2,"126":3,"127":3,"128":3,"129":3,"130":1,"133":3,"134":3,"139":3,"143":1,"144":3,"145":1,"149":1,"150":1,"158":1,"160":1,"161":1,"162":1,"164":1,"166":1,"258":1,"259":1,"271":1,"274":6,"275":6,"277":1,"279":2,"281":1,"283":2,"288":1,"289":1,"291":1,"296":1,"303":1,"306":1,"307":1,"310":1,"311":1,"313":1,"314":1,"315":1,"316":1,"317":1,"318":1,"319":1,"321":1,"322":1,"324":1}},"/home/travis/build/npmtest/node-npmtest-xstream/node_modules/xstream/index.js":{"path":"/home/travis/build/npmtest/node-npmtest-xstream/node_modules/xstream/index.js","s":{"1":1,"2":1,"3":13,"4":13,"5":1,"6":1,"7":1,"8":1,"9":1,"10":1,"11":1,"12":1,"13":0,"14":0,"15":0,"16":0,"17":0,"18":1,"19":0,"20":0,"21":1,"22":0,"23":0,"24":0,"25":0,"26":1,"27":1,"28":1,"29":0,"30":0,"31":0,"32":0,"33":0,"34":0,"35":1,"36":1,"37":0,"38":0,"39":1,"40":0,"41":1,"42":1,"43":1,"44":0,"45":1,"46":0,"47":1,"48":0,"49":1,"50":0,"51":1,"52":1,"53":1,"54":0,"55":0,"56":0,"57":1,"58":0,"59":0,"60":0,"61":0,"62":0,"63":1,"64":0,"65":0,"66":0,"67":1,"68":1,"69":1,"70":0,"71":0,"72":0,"73":0,"74":1,"75":0,"76":0,"77":0,"78":0,"79":0,"80":0,"81":1,"82":0,"83":0,"84":0,"85":0,"86":0,"87":1,"88":0,"89":0,"90":0,"91":0,"92":1,"93":0,"94":0,"95":0,"96":0,"97":1,"98":0,"99":0,"100":0,"101":0,"102":0,"103":1,"104":1,"105":1,"106":0,"107":0,"108":0,"109":0,"110":1,"111":0,"112":0,"113":0,"114":0,"115":0,"116":0,"117":0,"118":0,"119":0,"120":0,"121":1,"122":0,"123":0,"124":0,"125":0,"126":1,"127":0,"128":0,"129":0,"130":0,"131":0,"132":1,"133":1,"134":1,"135":0,"136":0,"137":0,"138":0,"139":0,"140":0,"141":1,"142":0,"143":0,"144":0,"145":0,"146":1,"147":0,"148":0,"149":0,"150":0,"151":0,"152":0,"153":0,"154":0,"155":0,"156":0,"157":1,"158":0,"159":0,"160":0,"161":0,"162":0,"163":0,"164":0,"165":0,"166":1,"167":1,"168":1,"169":0,"170":0,"171":1,"172":0,"173":0,"174":0,"175":0,"176":1,"177":1,"178":1,"179":1,"180":0,"181":0,"182":0,"183":1,"184":0,"185":0,"186":0,"187":0,"188":0,"189":0,"190":0,"191":0,"192":0,"193":1,"194":0,"195":1,"196":1,"197":1,"198":0,"199":0,"200":0,"201":0,"202":1,"203":0,"204":1,"205":0,"206":0,"207":1,"208":0,"209":0,"210":0,"211":0,"212":1,"213":1,"214":1,"215":0,"216":0,"217":0,"218":0,"219":0,"220":0,"221":0,"222":0,"223":0,"224":1,"225":0,"226":0,"227":1,"228":0,"229":0,"230":1,"231":0,"232":0,"233":0,"234":0,"235":0,"236":0,"237":0,"238":0,"239":0,"240":0,"241":0,"242":0,"243":1,"244":0,"245":0,"246":0,"247":0,"248":1,"249":0,"250":0,"251":0,"252":0,"253":1,"254":1,"255":1,"256":0,"257":0,"258":0,"259":0,"260":0,"261":1,"262":0,"263":0,"264":0,"265":1,"266":0,"267":0,"268":1,"269":0,"270":0,"271":0,"272":0,"273":0,"274":1,"275":0,"276":0,"277":0,"278":0,"279":1,"280":0,"281":0,"282":0,"283":0,"284":1,"285":1,"286":1,"287":0,"288":0,"289":1,"290":0,"291":1,"292":0,"293":1,"294":0,"295":1,"296":1,"297":1,"298":0,"299":0,"300":0,"301":0,"302":0,"303":1,"304":0,"305":0,"306":0,"307":1,"308":0,"309":0,"310":0,"311":0,"312":1,"313":0,"314":0,"315":0,"316":0,"317":1,"318":0,"319":0,"320":0,"321":0,"322":1,"323":0,"324":0,"325":0,"326":0,"327":1,"328":0,"329":1,"330":1,"331":1,"332":0,"333":0,"334":0,"335":0,"336":1,"337":0,"338":0,"339":1,"340":0,"341":0,"342":1,"343":0,"344":0,"345":0,"346":0,"347":0,"348":0,"349":0,"350":1,"351":0,"352":0,"353":0,"354":0,"355":1,"356":0,"357":0,"358":0,"359":0,"360":1,"361":1,"362":1,"363":0,"364":0,"365":1,"366":0,"367":1,"368":0,"369":1,"370":0,"371":0,"372":1,"373":1,"374":1,"375":0,"376":0,"377":0,"378":0,"379":0,"380":0,"381":1,"382":0,"383":0,"384":0,"385":0,"386":0,"387":1,"388":0,"389":0,"390":0,"391":0,"392":0,"393":0,"394":0,"395":1,"396":0,"397":0,"398":0,"399":0,"400":0,"401":1,"402":0,"403":0,"404":0,"405":0,"406":0,"407":0,"408":0,"409":1,"410":0,"411":0,"412":0,"413":0,"414":1,"415":0,"416":0,"417":1,"418":1,"419":1,"420":0,"421":0,"422":0,"423":0,"424":0,"425":0,"426":0,"427":1,"428":0,"429":0,"430":0,"431":0,"432":1,"433":0,"434":0,"435":0,"436":1,"437":0,"438":0,"439":0,"440":0,"441":0,"442":0,"443":0,"444":1,"445":0,"446":0,"447":0,"448":0,"449":1,"450":0,"451":0,"452":0,"453":0,"454":1,"455":1,"456":1,"457":0,"458":0,"459":0,"460":0,"461":0,"462":1,"463":0,"464":0,"465":0,"466":1,"467":0,"468":0,"469":0,"470":1,"471":0,"472":0,"473":1,"474":0,"475":0,"476":0,"477":0,"478":1,"479":0,"480":0,"481":0,"482":0,"483":0,"484":0,"485":0,"486":1,"487":1,"488":1,"489":0,"490":0,"491":0,"492":0,"493":1,"494":0,"495":0,"496":1,"497":0,"498":0,"499":1,"500":0,"501":0,"502":0,"503":0,"504":0,"505":0,"506":0,"507":1,"508":0,"509":0,"510":0,"511":0,"512":1,"513":0,"514":0,"515":0,"516":0,"517":1,"518":1,"519":1,"520":0,"521":0,"522":0,"523":1,"524":0,"525":0,"526":1,"527":0,"528":0,"529":1,"530":1,"531":1,"532":0,"533":0,"534":0,"535":0,"536":1,"537":0,"538":0,"539":1,"540":0,"541":0,"542":1,"543":0,"544":0,"545":0,"546":0,"547":1,"548":0,"549":0,"550":0,"551":0,"552":0,"553":0,"554":0,"555":1,"556":0,"557":0,"558":0,"559":0,"560":1,"561":1,"562":1,"563":0,"564":0,"565":0,"566":0,"567":1,"568":0,"569":0,"570":0,"571":1,"572":0,"573":0,"574":1,"575":1,"576":1,"577":0,"578":0,"579":0,"580":0,"581":0,"582":1,"583":0,"584":0,"585":0,"586":0,"587":0,"588":1,"589":0,"590":0,"591":1,"592":0,"593":0,"594":0,"595":0,"596":0,"597":0,"598":0,"599":0,"600":0,"601":1,"602":0,"603":0,"604":0,"605":0,"606":1,"607":0,"608":0,"609":0,"610":0,"611":1,"612":1,"613":1,"614":3,"615":3,"616":3,"617":3,"618":3,"619":3,"620":3,"621":1,"622":0,"623":0,"624":0,"625":0,"626":0,"627":0,"628":0,"629":0,"630":0,"631":0,"632":0,"633":1,"634":0,"635":0,"636":0,"637":0,"638":0,"639":0,"640":0,"641":0,"642":0,"643":0,"644":0,"645":0,"646":0,"647":0,"648":0,"649":0,"650":0,"651":1,"652":0,"653":0,"654":0,"655":0,"656":0,"657":0,"658":0,"659":0,"660":0,"661":0,"662":0,"663":0,"664":1,"665":0,"666":0,"667":0,"668":0,"669":0,"670":0,"671":1,"672":0,"673":0,"674":0,"675":1,"676":0,"677":0,"678":0,"679":0,"680":0,"681":0,"682":0,"683":0,"684":0,"685":0,"686":0,"687":0,"688":0,"689":1,"690":0,"691":0,"692":0,"693":0,"694":0,"695":0,"696":0,"697":0,"698":0,"699":0,"700":0,"701":0,"702":0,"703":0,"704":1,"705":0,"706":0,"707":1,"708":0,"709":0,"710":0,"711":0,"712":0,"713":0,"714":0,"715":0,"716":0,"717":0,"718":0,"719":0,"720":1,"721":0,"722":1,"723":0,"724":0,"725":0,"726":0,"727":1,"728":0,"729":1,"730":0,"731":0,"732":1,"733":0,"734":1,"735":0,"736":0,"737":0,"738":0,"739":0,"740":1,"741":0,"742":0,"743":0,"744":1,"745":2,"746":1,"747":1,"748":0,"749":1,"750":0,"751":0,"752":1,"753":0,"754":0,"755":0,"756":0,"757":0,"758":0,"759":0,"760":1,"761":0,"762":0,"763":0,"764":0,"765":1,"766":0,"767":1,"768":0,"769":1,"770":0,"771":0,"772":0,"773":1,"774":0,"775":1,"776":0,"777":1,"778":0,"779":1,"780":0,"781":0,"782":0,"783":0,"784":0,"785":1,"786":0,"787":0,"788":0,"789":0,"790":1,"791":0,"792":1,"793":0,"794":1,"795":0,"796":1,"797":0,"798":1,"799":0,"800":1,"801":0,"802":1,"803":0,"804":1,"805":0,"806":0,"807":1,"808":0,"809":1,"810":0,"811":1,"812":0,"813":1,"814":0,"815":0,"816":0,"817":0,"818":0,"819":0,"820":1,"821":0,"822":1,"823":0,"824":1,"825":0,"826":1,"827":0,"828":0,"829":0,"830":0,"831":0,"832":0,"833":0,"834":0,"835":1,"836":1,"837":0,"838":0,"839":0,"840":0,"841":1,"842":0,"843":0,"844":0,"845":0,"846":1,"847":1,"848":1,"849":1,"850":0,"851":0,"852":0,"853":1,"854":0,"855":0,"856":0,"857":1,"858":0,"859":0,"860":0,"861":0,"862":0,"863":0,"864":0,"865":0,"866":0,"867":0,"868":0,"869":0,"870":0,"871":0,"872":0,"873":0,"874":0,"875":0,"876":0,"877":1,"878":0,"879":0,"880":1,"881":0,"882":0,"883":1,"884":0,"885":1,"886":0,"887":1,"888":0,"889":1,"890":0,"891":1,"892":0,"893":1,"894":0,"895":1,"896":0,"897":1,"898":1,"899":1,"900":1},"b":{"1":[1,1,1],"2":[13,0],"3":[0,1],"4":[0,0],"5":[0,0],"6":[0,0],"7":[0,0],"8":[0,0],"9":[0,0],"10":[0,0],"11":[0,0],"12":[0,0],"13":[0,0],"14":[0,0],"15":[0,0],"16":[0,0],"17":[0,0],"18":[0,0],"19":[0,0],"20":[0,0],"21":[0,0],"22":[0,0],"23":[0,0],"24":[0,0],"25":[0,0],"26":[0,0],"27":[0,0],"28":[0,0],"29":[0,0],"30":[0,0],"31":[0,0],"32":[0,0],"33":[0,0],"34":[0,0],"35":[0,0],"36":[0,0],"37":[0,0],"38":[0,0],"39":[0,0],"40":[0,0],"41":[0,0],"42":[0,0],"43":[0,0],"44":[0,0],"45":[0,0],"46":[0,0],"47":[0,0],"48":[0,0],"49":[0,0],"50":[0,0],"51":[0,0],"52":[0,0],"53":[0,0],"54":[0,0],"55":[0,0],"56":[0,0],"57":[0,0],"58":[0,0],"59":[0,0],"60":[0,0],"61":[0,0],"62":[0,0],"63":[0,0],"64":[0,0],"65":[0,0],"66":[0,0],"67":[0,0],"68":[3,0],"69":[0,0],"70":[0,0],"71":[0,0],"72":[0,0],"73":[0,0],"74":[0,0],"75":[0,0],"76":[0,0],"77":[0,0],"78":[0,0],"79":[0,0],"80":[0,0],"81":[0,0],"82":[0,0],"83":[0,0],"84":[0,0],"85":[0,0],"86":[0,0],"87":[0,0],"88":[0,0],"89":[0,0],"90":[0,0],"91":[0,0],"92":[0,0],"93":[0,0],"94":[0,0],"95":[0,0],"96":[0,0],"97":[0,0],"98":[0,0],"99":[0,0],"100":[0,0],"101":[0,0],"102":[0,0],"103":[0,0],"104":[0,0],"105":[0,0],"106":[0,0],"107":[0,0],"108":[0,0],"109":[0,0],"110":[0,0],"111":[0,0],"112":[0,0],"113":[0,0],"114":[0,0],"115":[0,0],"116":[0,0],"117":[0,0],"118":[0,0],"119":[0,0],"120":[0,0],"121":[0,0],"122":[0,0],"123":[0,0],"124":[0,0]},"f":{"1":1,"2":1,"3":0,"4":0,"5":0,"6":0,"7":0,"8":0,"9":0,"10":1,"11":0,"12":0,"13":1,"14":0,"15":0,"16":0,"17":0,"18":1,"19":0,"20":0,"21":0,"22":1,"23":0,"24":0,"25":0,"26":0,"27":0,"28":0,"29":1,"30":0,"31":0,"32":0,"33":0,"34":1,"35":0,"36":0,"37":0,"38":0,"39":1,"40":0,"41":0,"42":0,"43":1,"44":0,"45":0,"46":0,"47":0,"48":0,"49":0,"50":0,"51":1,"52":0,"53":0,"54":0,"55":0,"56":1,"57":0,"58":0,"59":0,"60":0,"61":0,"62":0,"63":1,"64":0,"65":0,"66":0,"67":0,"68":0,"69":0,"70":1,"71":0,"72":0,"73":0,"74":0,"75":1,"76":0,"77":0,"78":0,"79":0,"80":0,"81":0,"82":0,"83":1,"84":0,"85":0,"86":0,"87":0,"88":0,"89":0,"90":1,"91":0,"92":0,"93":0,"94":0,"95":1,"96":0,"97":0,"98":0,"99":0,"100":0,"101":0,"102":0,"103":1,"104":0,"105":0,"106":0,"107":0,"108":0,"109":0,"110":0,"111":1,"112":0,"113":0,"114":0,"115":0,"116":0,"117":0,"118":1,"119":0,"120":0,"121":0,"122":0,"123":0,"124":0,"125":1,"126":0,"127":0,"128":0,"129":1,"130":0,"131":0,"132":0,"133":0,"134":0,"135":0,"136":1,"137":0,"138":0,"139":0,"140":1,"141":0,"142":0,"143":0,"144":0,"145":0,"146":0,"147":1,"148":3,"149":0,"150":0,"151":0,"152":0,"153":0,"154":0,"155":0,"156":0,"157":0,"158":0,"159":0,"160":0,"161":0,"162":0,"163":0,"164":0,"165":0,"166":2,"167":1,"168":0,"169":0,"170":0,"171":0,"172":0,"173":0,"174":0,"175":0,"176":0,"177":0,"178":0,"179":0,"180":0,"181":0,"182":0,"183":0,"184":0,"185":0,"186":0,"187":0,"188":0,"189":0,"190":0,"191":0,"192":0,"193":0,"194":0,"195":0,"196":0,"197":0,"198":0,"199":0,"200":1,"201":0,"202":0,"203":0,"204":0,"205":0,"206":0,"207":0,"208":0,"209":0,"210":0,"211":0,"212":0},"fnMap":{"1":{"name":"(anonymous_1)","line":2,"loc":{"start":{"line":2,"column":44},"end":{"line":2,"column":60}}},"2":{"name":"__","line":4,"loc":{"start":{"line":4,"column":4},"end":{"line":4,"column":18}}},"3":{"name":"noop","line":10,"loc":{"start":{"line":10,"column":0},"end":{"line":10,"column":16}}},"4":{"name":"cp","line":11,"loc":{"start":{"line":11,"column":0},"end":{"line":11,"column":15}}},"5":{"name":"and","line":18,"loc":{"start":{"line":18,"column":0},"end":{"line":18,"column":21}}},"6":{"name":"andFn","line":19,"loc":{"start":{"line":19,"column":11},"end":{"line":19,"column":29}}},"7":{"name":"_try","line":23,"loc":{"start":{"line":23,"column":0},"end":{"line":23,"column":23}}},"8":{"name":"internalizeProducer","line":39,"loc":{"start":{"line":39,"column":0},"end":{"line":39,"column":39}}},"9":{"name":"_start","line":40,"loc":{"start":{"line":40,"column":22},"end":{"line":40,"column":42}}},"10":{"name":"(anonymous_10)","line":48,"loc":{"start":{"line":48,"column":17},"end":{"line":48,"column":29}}},"11":{"name":"StreamSub","line":49,"loc":{"start":{"line":49,"column":4},"end":{"line":49,"column":43}}},"12":{"name":"(anonymous_12)","line":53,"loc":{"start":{"line":53,"column":38},"end":{"line":53,"column":50}}},"13":{"name":"(anonymous_13)","line":58,"loc":{"start":{"line":58,"column":16},"end":{"line":58,"column":28}}},"14":{"name":"Observer","line":59,"loc":{"start":{"line":59,"column":4},"end":{"line":59,"column":33}}},"15":{"name":"(anonymous_15)","line":62,"loc":{"start":{"line":62,"column":30},"end":{"line":62,"column":47}}},"16":{"name":"(anonymous_16)","line":65,"loc":{"start":{"line":65,"column":31},"end":{"line":65,"column":46}}},"17":{"name":"(anonymous_17)","line":68,"loc":{"start":{"line":68,"column":34},"end":{"line":68,"column":46}}},"18":{"name":"(anonymous_18)","line":73,"loc":{"start":{"line":73,"column":22},"end":{"line":73,"column":34}}},"19":{"name":"FromObservable","line":74,"loc":{"start":{"line":74,"column":4},"end":{"line":74,"column":40}}},"20":{"name":"(anonymous_20)","line":79,"loc":{"start":{"line":79,"column":38},"end":{"line":79,"column":53}}},"21":{"name":"(anonymous_21)","line":86,"loc":{"start":{"line":86,"column":37},"end":{"line":86,"column":49}}},"22":{"name":"(anonymous_22)","line":93,"loc":{"start":{"line":93,"column":13},"end":{"line":93,"column":25}}},"23":{"name":"Merge","line":94,"loc":{"start":{"line":94,"column":4},"end":{"line":94,"column":27}}},"24":{"name":"(anonymous_24)","line":100,"loc":{"start":{"line":100,"column":29},"end":{"line":100,"column":44}}},"25":{"name":"(anonymous_25)","line":108,"loc":{"start":{"line":108,"column":28},"end":{"line":108,"column":40}}},"26":{"name":"(anonymous_26)","line":115,"loc":{"start":{"line":115,"column":25},"end":{"line":115,"column":38}}},"27":{"name":"(anonymous_27)","line":121,"loc":{"start":{"line":121,"column":25},"end":{"line":121,"column":40}}},"28":{"name":"(anonymous_28)","line":127,"loc":{"start":{"line":127,"column":25},"end":{"line":127,"column":37}}},"29":{"name":"(anonymous_29)","line":137,"loc":{"start":{"line":137,"column":23},"end":{"line":137,"column":35}}},"30":{"name":"CombineListener","line":138,"loc":{"start":{"line":138,"column":4},"end":{"line":138,"column":40}}},"31":{"name":"(anonymous_31)","line":144,"loc":{"start":{"line":144,"column":35},"end":{"line":144,"column":48}}},"32":{"name":"(anonymous_32)","line":157,"loc":{"start":{"line":157,"column":35},"end":{"line":157,"column":50}}},"33":{"name":"(anonymous_33)","line":163,"loc":{"start":{"line":163,"column":35},"end":{"line":163,"column":47}}},"34":{"name":"(anonymous_34)","line":172,"loc":{"start":{"line":172,"column":15},"end":{"line":172,"column":27}}},"35":{"name":"Combine","line":173,"loc":{"start":{"line":173,"column":4},"end":{"line":173,"column":29}}},"36":{"name":"(anonymous_36)","line":181,"loc":{"start":{"line":181,"column":27},"end":{"line":181,"column":43}}},"37":{"name":"(anonymous_37)","line":187,"loc":{"start":{"line":187,"column":31},"end":{"line":187,"column":46}}},"38":{"name":"(anonymous_38)","line":203,"loc":{"start":{"line":203,"column":30},"end":{"line":203,"column":42}}},"39":{"name":"(anonymous_39)","line":215,"loc":{"start":{"line":215,"column":17},"end":{"line":215,"column":29}}},"40":{"name":"FromArray","line":216,"loc":{"start":{"line":216,"column":4},"end":{"line":216,"column":26}}},"41":{"name":"(anonymous_41)","line":220,"loc":{"start":{"line":220,"column":33},"end":{"line":220,"column":48}}},"42":{"name":"(anonymous_42)","line":226,"loc":{"start":{"line":226,"column":32},"end":{"line":226,"column":44}}},"43":{"name":"(anonymous_43)","line":230,"loc":{"start":{"line":230,"column":19},"end":{"line":230,"column":31}}},"44":{"name":"FromPromise","line":231,"loc":{"start":{"line":231,"column":4},"end":{"line":231,"column":28}}},"45":{"name":"(anonymous_45)","line":236,"loc":{"start":{"line":236,"column":35},"end":{"line":236,"column":50}}},"46":{"name":"(anonymous_46)","line":239,"loc":{"start":{"line":239,"column":20},"end":{"line":239,"column":33}}},"47":{"name":"(anonymous_47)","line":244,"loc":{"start":{"line":244,"column":11},"end":{"line":244,"column":24}}},"48":{"name":"(anonymous_48)","line":246,"loc":{"start":{"line":246,"column":22},"end":{"line":246,"column":37}}},"49":{"name":"(anonymous_49)","line":247,"loc":{"start":{"line":247,"column":23},"end":{"line":247,"column":35}}},"50":{"name":"(anonymous_50)","line":250,"loc":{"start":{"line":250,"column":34},"end":{"line":250,"column":46}}},"51":{"name":"(anonymous_51)","line":255,"loc":{"start":{"line":255,"column":16},"end":{"line":255,"column":28}}},"52":{"name":"Periodic","line":256,"loc":{"start":{"line":256,"column":4},"end":{"line":256,"column":30}}},"53":{"name":"(anonymous_53)","line":262,"loc":{"start":{"line":262,"column":32},"end":{"line":262,"column":47}}},"54":{"name":"intervalHandler","line":264,"loc":{"start":{"line":264,"column":8},"end":{"line":264,"column":35}}},"55":{"name":"(anonymous_55)","line":267,"loc":{"start":{"line":267,"column":31},"end":{"line":267,"column":43}}},"56":{"name":"(anonymous_56)","line":275,"loc":{"start":{"line":275,"column":13},"end":{"line":275,"column":25}}},"57":{"name":"Debug","line":276,"loc":{"start":{"line":276,"column":4},"end":{"line":276,"column":29}}},"58":{"name":"(anonymous_58)","line":287,"loc":{"start":{"line":287,"column":29},"end":{"line":287,"column":44}}},"59":{"name":"(anonymous_59)","line":291,"loc":{"start":{"line":291,"column":28},"end":{"line":291,"column":40}}},"60":{"name":"(anonymous_60)","line":295,"loc":{"start":{"line":295,"column":25},"end":{"line":295,"column":38}}},"61":{"name":"(anonymous_61)","line":314,"loc":{"start":{"line":314,"column":25},"end":{"line":314,"column":40}}},"62":{"name":"(anonymous_62)","line":320,"loc":{"start":{"line":320,"column":25},"end":{"line":320,"column":37}}},"63":{"name":"(anonymous_63)","line":328,"loc":{"start":{"line":328,"column":12},"end":{"line":328,"column":24}}},"64":{"name":"Drop","line":329,"loc":{"start":{"line":329,"column":4},"end":{"line":329,"column":28}}},"65":{"name":"(anonymous_65)","line":336,"loc":{"start":{"line":336,"column":28},"end":{"line":336,"column":43}}},"66":{"name":"(anonymous_66)","line":341,"loc":{"start":{"line":341,"column":27},"end":{"line":341,"column":39}}},"67":{"name":"(anonymous_67)","line":345,"loc":{"start":{"line":345,"column":24},"end":{"line":345,"column":37}}},"68":{"name":"(anonymous_68)","line":352,"loc":{"start":{"line":352,"column":24},"end":{"line":352,"column":39}}},"69":{"name":"(anonymous_69)","line":358,"loc":{"start":{"line":358,"column":24},"end":{"line":358,"column":36}}},"70":{"name":"(anonymous_70)","line":366,"loc":{"start":{"line":366,"column":23},"end":{"line":366,"column":35}}},"71":{"name":"EndWhenListener","line":367,"loc":{"start":{"line":367,"column":4},"end":{"line":367,"column":38}}},"72":{"name":"(anonymous_72)","line":371,"loc":{"start":{"line":371,"column":35},"end":{"line":371,"column":47}}},"73":{"name":"(anonymous_73)","line":374,"loc":{"start":{"line":374,"column":35},"end":{"line":374,"column":50}}},"74":{"name":"(anonymous_74)","line":377,"loc":{"start":{"line":377,"column":35},"end":{"line":377,"column":47}}},"75":{"name":"(anonymous_75)","line":382,"loc":{"start":{"line":382,"column":15},"end":{"line":382,"column":27}}},"76":{"name":"EndWhen","line":383,"loc":{"start":{"line":383,"column":4},"end":{"line":383,"column":29}}},"77":{"name":"(anonymous_77)","line":390,"loc":{"start":{"line":390,"column":31},"end":{"line":390,"column":46}}},"78":{"name":"(anonymous_78)","line":395,"loc":{"start":{"line":395,"column":30},"end":{"line":395,"column":42}}},"79":{"name":"(anonymous_79)","line":401,"loc":{"start":{"line":401,"column":28},"end":{"line":401,"column":40}}},"80":{"name":"(anonymous_80)","line":407,"loc":{"start":{"line":407,"column":27},"end":{"line":407,"column":40}}},"81":{"name":"(anonymous_81)","line":413,"loc":{"start":{"line":413,"column":27},"end":{"line":413,"column":42}}},"82":{"name":"(anonymous_82)","line":419,"loc":{"start":{"line":419,"column":27},"end":{"line":419,"column":39}}},"83":{"name":"(anonymous_83)","line":424,"loc":{"start":{"line":424,"column":14},"end":{"line":424,"column":26}}},"84":{"name":"Filter","line":425,"loc":{"start":{"line":425,"column":4},"end":{"line":425,"column":33}}},"85":{"name":"(anonymous_85)","line":431,"loc":{"start":{"line":431,"column":30},"end":{"line":431,"column":45}}},"86":{"name":"(anonymous_86)","line":435,"loc":{"start":{"line":435,"column":29},"end":{"line":435,"column":41}}},"87":{"name":"(anonymous_87)","line":439,"loc":{"start":{"line":439,"column":26},"end":{"line":439,"column":39}}},"88":{"name":"(anonymous_88)","line":448,"loc":{"start":{"line":448,"column":26},"end":{"line":448,"column":41}}},"89":{"name":"(anonymous_89)","line":454,"loc":{"start":{"line":454,"column":26},"end":{"line":454,"column":38}}},"90":{"name":"(anonymous_90)","line":462,"loc":{"start":{"line":462,"column":23},"end":{"line":462,"column":35}}},"91":{"name":"FlattenListener","line":463,"loc":{"start":{"line":463,"column":4},"end":{"line":463,"column":38}}},"92":{"name":"(anonymous_92)","line":467,"loc":{"start":{"line":467,"column":35},"end":{"line":467,"column":48}}},"93":{"name":"(anonymous_93)","line":470,"loc":{"start":{"line":470,"column":35},"end":{"line":470,"column":50}}},"94":{"name":"(anonymous_94)","line":473,"loc":{"start":{"line":473,"column":35},"end":{"line":473,"column":47}}},"95":{"name":"(anonymous_95)","line":479,"loc":{"start":{"line":479,"column":15},"end":{"line":479,"column":27}}},"96":{"name":"Flatten","line":480,"loc":{"start":{"line":480,"column":4},"end":{"line":480,"column":26}}},"97":{"name":"(anonymous_97)","line":488,"loc":{"start":{"line":488,"column":31},"end":{"line":488,"column":46}}},"98":{"name":"(anonymous_98)","line":495,"loc":{"start":{"line":495,"column":30},"end":{"line":495,"column":42}}},"99":{"name":"(anonymous_99)","line":504,"loc":{"start":{"line":504,"column":29},"end":{"line":504,"column":41}}},"100":{"name":"(anonymous_100)","line":511,"loc":{"start":{"line":511,"column":27},"end":{"line":511,"column":40}}},"101":{"name":"(anonymous_101)","line":520,"loc":{"start":{"line":520,"column":27},"end":{"line":520,"column":42}}},"102":{"name":"(anonymous_102)","line":526,"loc":{"start":{"line":526,"column":27},"end":{"line":526,"column":39}}},"103":{"name":"(anonymous_103)","line":532,"loc":{"start":{"line":532,"column":12},"end":{"line":532,"column":24}}},"104":{"name":"Fold","line":533,"loc":{"start":{"line":533,"column":4},"end":{"line":533,"column":32}}},"105":{"name":"(anonymous_105)","line":538,"loc":{"start":{"line":538,"column":17},"end":{"line":538,"column":30}}},"106":{"name":"(anonymous_106)","line":541,"loc":{"start":{"line":541,"column":28},"end":{"line":541,"column":43}}},"107":{"name":"(anonymous_107)","line":547,"loc":{"start":{"line":547,"column":27},"end":{"line":547,"column":39}}},"108":{"name":"(anonymous_108)","line":552,"loc":{"start":{"line":552,"column":24},"end":{"line":552,"column":37}}},"109":{"name":"(anonymous_109)","line":561,"loc":{"start":{"line":561,"column":24},"end":{"line":561,"column":39}}},"110":{"name":"(anonymous_110)","line":567,"loc":{"start":{"line":567,"column":24},"end":{"line":567,"column":36}}},"111":{"name":"(anonymous_111)","line":575,"loc":{"start":{"line":575,"column":12},"end":{"line":575,"column":24}}},"112":{"name":"Last","line":576,"loc":{"start":{"line":576,"column":4},"end":{"line":576,"column":23}}},"113":{"name":"(anonymous_113)","line":583,"loc":{"start":{"line":583,"column":28},"end":{"line":583,"column":43}}},"114":{"name":"(anonymous_114)","line":588,"loc":{"start":{"line":588,"column":27},"end":{"line":588,"column":39}}},"115":{"name":"(anonymous_115)","line":593,"loc":{"start":{"line":593,"column":24},"end":{"line":593,"column":37}}},"116":{"name":"(anonymous_116)","line":597,"loc":{"start":{"line":597,"column":24},"end":{"line":597,"column":39}}},"117":{"name":"(anonymous_117)","line":603,"loc":{"start":{"line":603,"column":24},"end":{"line":603,"column":36}}},"118":{"name":"(anonymous_118)","line":616,"loc":{"start":{"line":616,"column":13},"end":{"line":616,"column":25}}},"119":{"name":"MapOp","line":617,"loc":{"start":{"line":617,"column":4},"end":{"line":617,"column":33}}},"120":{"name":"(anonymous_120)","line":623,"loc":{"start":{"line":623,"column":29},"end":{"line":623,"column":44}}},"121":{"name":"(anonymous_121)","line":627,"loc":{"start":{"line":627,"column":28},"end":{"line":627,"column":40}}},"122":{"name":"(anonymous_122)","line":631,"loc":{"start":{"line":631,"column":25},"end":{"line":631,"column":38}}},"123":{"name":"(anonymous_123)","line":640,"loc":{"start":{"line":640,"column":25},"end":{"line":640,"column":40}}},"124":{"name":"(anonymous_124)","line":646,"loc":{"start":{"line":646,"column":25},"end":{"line":646,"column":37}}},"125":{"name":"(anonymous_125)","line":654,"loc":{"start":{"line":654,"column":16},"end":{"line":654,"column":28}}},"126":{"name":"Remember","line":655,"loc":{"start":{"line":655,"column":4},"end":{"line":655,"column":27}}},"127":{"name":"(anonymous_127)","line":660,"loc":{"start":{"line":660,"column":32},"end":{"line":660,"column":47}}},"128":{"name":"(anonymous_128)","line":664,"loc":{"start":{"line":664,"column":31},"end":{"line":664,"column":43}}},"129":{"name":"(anonymous_129)","line":670,"loc":{"start":{"line":670,"column":20},"end":{"line":670,"column":32}}},"130":{"name":"ReplaceError","line":671,"loc":{"start":{"line":671,"column":4},"end":{"line":671,"column":41}}},"131":{"name":"(anonymous_131)","line":677,"loc":{"start":{"line":677,"column":36},"end":{"line":677,"column":51}}},"132":{"name":"(anonymous_132)","line":681,"loc":{"start":{"line":681,"column":35},"end":{"line":681,"column":47}}},"133":{"name":"(anonymous_133)","line":685,"loc":{"start":{"line":685,"column":32},"end":{"line":685,"column":45}}},"134":{"name":"(anonymous_134)","line":691,"loc":{"start":{"line":691,"column":32},"end":{"line":691,"column":47}}},"135":{"name":"(anonymous_135)","line":703,"loc":{"start":{"line":703,"column":32},"end":{"line":703,"column":44}}},"136":{"name":"(anonymous_136)","line":711,"loc":{"start":{"line":711,"column":17},"end":{"line":711,"column":29}}},"137":{"name":"StartWith","line":712,"loc":{"start":{"line":712,"column":4},"end":{"line":712,"column":33}}},"138":{"name":"(anonymous_138)","line":718,"loc":{"start":{"line":718,"column":33},"end":{"line":718,"column":48}}},"139":{"name":"(anonymous_139)","line":723,"loc":{"start":{"line":723,"column":32},"end":{"line":723,"column":44}}},"140":{"name":"(anonymous_140)","line":729,"loc":{"start":{"line":729,"column":12},"end":{"line":729,"column":24}}},"141":{"name":"Take","line":730,"loc":{"start":{"line":730,"column":4},"end":{"line":730,"column":28}}},"142":{"name":"(anonymous_142)","line":737,"loc":{"start":{"line":737,"column":28},"end":{"line":737,"column":43}}},"143":{"name":"(anonymous_143)","line":745,"loc":{"start":{"line":745,"column":27},"end":{"line":745,"column":39}}},"144":{"name":"(anonymous_144)","line":749,"loc":{"start":{"line":749,"column":24},"end":{"line":749,"column":37}}},"145":{"name":"(anonymous_145)","line":761,"loc":{"start":{"line":761,"column":24},"end":{"line":761,"column":39}}},"146":{"name":"(anonymous_146)","line":767,"loc":{"start":{"line":767,"column":24},"end":{"line":767,"column":36}}},"147":{"name":"(anonymous_147)","line":775,"loc":{"start":{"line":775,"column":14},"end":{"line":775,"column":26}}},"148":{"name":"Stream","line":776,"loc":{"start":{"line":776,"column":4},"end":{"line":776,"column":30}}},"149":{"name":"(anonymous_149)","line":785,"loc":{"start":{"line":785,"column":26},"end":{"line":785,"column":39}}},"150":{"name":"(anonymous_150)","line":800,"loc":{"start":{"line":800,"column":26},"end":{"line":800,"column":41}}},"151":{"name":"(anonymous_151)","line":821,"loc":{"start":{"line":821,"column":26},"end":{"line":821,"column":38}}},"152":{"name":"(anonymous_152)","line":837,"loc":{"start":{"line":837,"column":26},"end":{"line":837,"column":38}}},"153":{"name":"(anonymous_153)","line":845,"loc":{"start":{"line":845,"column":32},"end":{"line":845,"column":44}}},"154":{"name":"(anonymous_154)","line":852,"loc":{"start":{"line":852,"column":28},"end":{"line":852,"column":42}}},"155":{"name":"(anonymous_155)","line":870,"loc":{"start":{"line":870,"column":31},"end":{"line":870,"column":45}}},"156":{"name":"(anonymous_156)","line":881,"loc":{"start":{"line":881,"column":42},"end":{"line":881,"column":54}}},"157":{"name":"(anonymous_157)","line":892,"loc":{"start":{"line":892,"column":36},"end":{"line":892,"column":48}}},"158":{"name":"(anonymous_158)","line":900,"loc":{"start":{"line":900,"column":35},"end":{"line":900,"column":55}}},"159":{"name":"(anonymous_159)","line":916,"loc":{"start":{"line":916,"column":28},"end":{"line":916,"column":40}}},"160":{"name":"(anonymous_160)","line":924,"loc":{"start":{"line":924,"column":35},"end":{"line":924,"column":55}}},"161":{"name":"(anonymous_161)","line":935,"loc":{"start":{"line":935,"column":38},"end":{"line":935,"column":58}}},"162":{"name":"(anonymous_162)","line":945,"loc":{"start":{"line":945,"column":33},"end":{"line":945,"column":53}}},"163":{"name":"(anonymous_163)","line":954,"loc":{"start":{"line":954,"column":52},"end":{"line":954,"column":64}}},"164":{"name":"(anonymous_164)","line":965,"loc":{"start":{"line":965,"column":20},"end":{"line":965,"column":40}}},"165":{"name":"(anonymous_165)","line":982,"loc":{"start":{"line":982,"column":30},"end":{"line":982,"column":50}}},"166":{"name":"(anonymous_166)","line":1000,"loc":{"start":{"line":1000,"column":19},"end":{"line":1000,"column":31}}},"167":{"name":"(anonymous_167)","line":1017,"loc":{"start":{"line":1017,"column":19},"end":{"line":1017,"column":31}}},"168":{"name":"(anonymous_168)","line":1019,"loc":{"start":{"line":1019,"column":20},"end":{"line":1019,"column":34}}},"169":{"name":"(anonymous_169)","line":1039,"loc":{"start":{"line":1039,"column":19},"end":{"line":1039,"column":36}}},"170":{"name":"(anonymous_170)","line":1041,"loc":{"start":{"line":1041,"column":20},"end":{"line":1041,"column":34}}},"171":{"name":"(anonymous_171)","line":1052,"loc":{"start":{"line":1052,"column":18},"end":{"line":1052,"column":35}}},"172":{"name":"(anonymous_172)","line":1078,"loc":{"start":{"line":1078,"column":16},"end":{"line":1078,"column":28}}},"173":{"name":"(anonymous_173)","line":1100,"loc":{"start":{"line":1100,"column":23},"end":{"line":1100,"column":40}}},"174":{"name":"(anonymous_174)","line":1119,"loc":{"start":{"line":1119,"column":25},"end":{"line":1119,"column":44}}},"175":{"name":"(anonymous_175)","line":1129,"loc"
[...]
   deferred.benchmark.emit({ type: 'error', error: e });","      deferred.resolve(e);","    }","  });","}","","function runKefir(deferred, kefirStream) {","  kefirStream.onValue(noop);","  kefirStream.onEnd(function() {","    deferred.resolve();","  });","}","","function kefirFromArray(array) {","  return kefir.stream(function(emitter) {","    for(var i=0; i<array.length; ++i) {","      emitter.emit(array[i]);","    }","    emitter.end();","  });","}","","function runBacon(deferred, baconStream) {","  try {","    baconStream.onValue(noop);","    baconStream.onEnd(function() {","      deferred.resolve();","    });","    baconStream.onError(function(e) {","      deferred.benchmark.emit({ type: 'error', error: e });","      deferred.resolve(e);","    });","  } catch(e) {","    deferred.benchmark.emit({ type: 'error', error: e });","    deferred.resolve(e);","  }","}","","// Using pull() seems to give the fastest results for highland,","// but will only work for test runs that reduce a stream to a","// single value.","function runHighland(deferred, highlandStream) {","  highlandStream.pull(function(err, z) {","    if(err) {","      deferred.reject(err);","      return;","    }","","    deferred.resolve(z);","  });","}","","function padl(n, s) {","  while(s.length < n) {","    s += ' ';","  }","  return s;","}","","function padr(n, s) {","  while (s.length < n) {","    s = ' ' + s;","  }","  return s;","}",""],"l":{"1":2,"2":0,"4":0,"6":0,"7":0,"8":0,"9":0,"10":0,"11":0,"12":0,"13":0,"15":0,"16":0,"17":0,"19":1,"21":1,"22":0,"23":0,"26":1,"27":0,"30":1,"31":0,"32":0,"33":0,"36":1,"37":0,"39":0,"40":0,"42":0,"47":0,"51":1,"52":0,"53":0,"56":1,"57":0,"60":1,"61":0,"68":1,"69":0,"70":0,"72":0,"73":0,"77":1,"78":0,"81":0,"84":0,"85":0,"90":1,"91":0,"94":0,"97":0,"98":0,"103":1,"104":0,"107":0,"110":0,"111":0,"116":1,"117":0,"118":0,"119":0,"123":1,"124":0,"125":0,"126":0,"128":0,"132":1,"133":0,"134":0,"135":0,"136":0,"138":0,"139":0,"140":0,"143":0,"144":0,"151":1,"152":0,"153":0,"154":0,"155":0,"158":0,"162":1,"163":0,"164":0,"166":0,"169":1,"170":0,"171":0,"173":0}},"/home/travis/build/npmtest/node-npmtest-xstream/node_modules/xstream/tools/check-release.js":{"path":"/home/travis/build/npmtest/node-npmtest-xstream/node_modules/xstream/tools/check-release.js","s":{"1":2,"2":0,"3":0,"4":1,"5":0,"6":0,"7":0,"8":0,"9":0,"10":0,"11":0,"12":1,"13":0,"14":1,"15":0,"16":1,"17":0,"18":1,"19":0,"20":0,"21":0,"22":0,"23":0,"24":0,"25":0,"26":0,"27":0,"28":0,"29":0,"30":0,"31":0,"32":0,"33":0,"34":0,"35":0,"36":0,"37":0,"38":0,"39":0,"40":0,"41":0,"42":0,"43":0,"44":0},"b":{"1":[0,0],"2":[0,0],"3":[0,0],"4":[0,0],"5":[0,0],"6":[0,0],"7":[0,0],"8":[0,0,0],"9":[0,0],"10":[0,0],"11":[0,0],"12":[0,0],"13":[0,0]},"f":{"1":0,"2":0,"3":0,"4":0,"5":0,"6":0,"7":0,"8":0},"fnMap":{"1":{"name":"incrementName","line":25,"loc":{"start":{"line":25,"column":0},"end":{"line":25,"column":29}}},"2":{"name":"isCommitBreakingChange","line":37,"loc":{"start":{"line":37,"column":0},"end":{"line":37,"column":40}}},"3":{"name":"showReportHeaderPositive","line":42,"loc":{"start":{"line":42,"column":0},"end":{"line":42,"column":36}}},"4":{"name":"showReportHeaderNegative","line":50,"loc":{"start":{"line":50,"column":0},"end":{"line":50,"column":36}}},"5":{"name":"showReport","line":57,"loc":{"start":{"line":57,"column":0},"end":{"line":57,"column":28}}},"6":{"name":"(anonymous_6)","line":64,"loc":{"start":{"line":64,"column":27},"end":{"line":64,"column":45}}},"7":{"name":"(anonymous_7)","line":79,"loc":{"start":{"line":79,"column":13},"end":{"line":79,"column":35}}},"8":{"name":"(anonymous_8)","line":99,"loc":{"start":{"line":99,"column":13},"end":{"line":99,"column":25}}}},"statementMap":{"1":{"start":{"line":20,"column":0},"end":{"line":20,"column":62}},"2":{"start":{"line":21,"column":0},"end":{"line":21,"column":23}},"3":{"start":{"line":23,"column":0},"end":{"line":23,"column":41}},"4":{"start":{"line":25,"column":0},"end":{"line":35,"column":1}},"5":{"start":{"line":26,"column":2},"end":{"line":34,"column":3}},"6":{"start":{"line":27,"column":4},"end":{"line":27,"column":19}},"7":{"start":{"line":28,"column":9},"end":{"line":34,"column":3}},"8":{"start":{"line":29,"column":4},"end":{"line":29,"column":19}},"9":{"start":{"line":30,"column":9},"end":{"line":34,"column":3}},"10":{"start":{"line":31,"column":4},"end":{"line":31,"column":19}},"11":{"start":{"line":33,"column":4},"end":{"line":33,"column":14}},"12":{"start":{"line":37,"column":0},"end":{"line":40,"column":1}},"13":{"start":{"line":38,"column":2},"end":{"line":39,"column":56}},"14":{"start":{"line":42,"column":0},"end":{"line":48,"column":1}},"15":{"start":{"line":43,"column":2},"end":{"line":47,"column":43}},"16":{"start":{"line":50,"column":0},"end":{"line":55,"column":1}},"17":{"start":{"line":51,"column":2},"end":{"line":54,"column":64}},"18":{"start":{"line":57,"column":0},"end":{"line":74,"column":1}},"19":{"start":{"line":58,"column":2},"end":{"line":73,"column":3}},"20":{"start":{"line":59,"column":4},"end":{"line":59,"column":31}},"21":{"start":{"line":61,"column":4},"end":{"line":63,"column":36}},"22":{"start":{"line":64,"column":4},"end":{"line":69,"column":7}},"23":{"start":{"line":65,"column":6},"end":{"line":65,"column":42}},"24":{"start":{"line":66,"column":6},"end":{"line":68,"column":7}},"25":{"start":{"line":67,"column":8},"end":{"line":67,"column":43}},"26":{"start":{"line":70,"column":4},"end":{"line":70,"column":20}},"27":{"start":{"line":72,"column":4},"end":{"line":72,"column":31}},"28":{"start":{"line":76,"column":0},"end":{"line":105,"column":14}},"29":{"start":{"line":80,"column":4},"end":{"line":80,"column":22}},"30":{"start":{"line":81,"column":4},"end":{"line":84,"column":5}},"31":{"start":{"line":82,"column":6},"end":{"line":82,"column":55}},"32":{"start":{"line":83,"column":6},"end":{"line":83,"column":22}},"33":{"start":{"line":85,"column":4},"end":{"line":88,"column":5}},"34":{"start":{"line":86,"column":6},"end":{"line":86,"column":55}},"35":{"start":{"line":87,"column":6},"end":{"line":87,"column":22}},"36":{"start":{"line":89,"column":4},"end":{"line":91,"column":5}},"37":{"start":{"line":90,"column":6},"end":{"line":90,"column":34}},"38":{"start":{"line":92,"column":4},"end":{"line":95,"column":5}},"39":{"start":{"line":93,"column":6},"end":{"line":93,"column":27}},"40":{"start":{"line":94,"column":6},"end":{"line":94,"column":26}},"41":{"start":{"line":96,"column":4},"end":{"line":96,"column":9}},"42":{"start":{"line":100,"column":4},"end":{"line":104,"column":5}},"43":{"start":{"line":101,"column":6},"end":{"line":101,"column":44}},"44":{"start":{"line":103,"column":6},"end":{"line":103,"column":25}}},"branchMap":{"1":{"line":26,"type":"if","locations":[{"start":{"line":26,"column":2},"end":{"line":26,"column":2}},{"start":{"line":26,"column":2},"end":{"line":26,"column":2}}]},"2":{"line":28,"type":"if","locations":[{"start":{"line":28,"column":9},"end":{"line":28,"column":9}},{"start":{"line":28,"column":9},"end":{"line":28,"column":9}}]},"3":{"line":30,"type":"if","locations":[{"start":{"line":30,"column":9},"end":{"line":30,"column":9}},{"start":{"line":30,"column":9},"end":{"line":30,"column":9}}]},"4":{"line":38,"type":"binary-expr","locations":[{"start":{"line":38,"column":10},"end":{"line":38,"column":43}},{"start":{"line":39,"column":7},"end":{"line":39,"column":54}}]},"5":{"line":58,"type":"if","locations":[{"start":{"line":58,"column":2},"end":{"line":58,"column":2}},{"start":{"line":58,"column":2},"end":{"line":58,"column":2}}]},"6":{"line":66,"type":"if","locations":[{"start":{"line":66,"column":6},"end":{"line":66,"column":6}},{"start":{"line":66,"column":6},"end":{"line":66,"column":6}}]},"7":{"line":81,"type":"if","locations":[{"start":{"line":81,"column":4},"end":{"line":81,"column":4}},{"start":{"line":81,"column":4},"end":{"line":81,"column":4}}]},"8":{"line":81,"type":"binary-expr","locations":[{"start":{"line":81,"column":8},"end":{"line":81,"column":29}},{"start":{"line":81,"column":33},"end":{"line":81,"column":55}},{"start":{"line":81,"column":59},"end":{"line":81,"column":81}}]},"9":{"line":85,"type":"if","locations":[{"start":{"line":85,"column":4},"end":{"line":85,"column":4}},{"start":{"line":85,"column":4},"end":{"line":85,"column":4}}]},"10":{"line":89,"type":"if","locations":[{"start":{"line":89,"column":4},"end":{"line":89,"column":4}},{"start":{"line":89,"column":4},"end":{"line":89,"column":4}}]},"11":{"line":92,"type":"if","locations":[{"start":{"line":92,"column":4},"end":{"line":92,"column":4}},{"start":{"line":92,"column":4},"end":{"line":92,"column":4}}]},"12":{"line":100,"type":"if","locations":[{"start":{"line":100,"column":4},"end":{"line":100,"column":4}},{"start":{"line":100,"column":4},"end":{"line":100,"column":4}}]},"13":{"line":100,"type":"binary-expr","locations":[{"start":{"line":100,"column":8},"end":{"line":100,"column":38}},{"start":{"line":100,"column":42},"end":{"line":100,"column":66}}]}},"code":["//#!/usr/bin/env node","","/** This script checks whether xstream should be released with"," * a new version according to ComVer https://github.com/staltz/comver."," * It has two modes: REPORT and ORACLE."," *"," * It runs in REPORT mode if no additional command line argument was given."," * For instance, `node check-release.js`. It will display a human readable"," * report about a new release possibility."," *"," * It runs in ORACLE mode if `--oracle` or `-o` was given as option, e.g."," * `node check-release.js --oracle`,"," * it will exit with a status code answering whether the"," * package should be released with a new version."," * 0 means no new release is necessary"," * 2 means it should have a new minor version _.x release"," * 3 means it should have a new major version x._ release"," */","","var conventionalChangelog = require('conventional-changelog');","var fs = require('fs');","","var status = {increment: 0, commits: []};","","function incrementName(code) {","  if (code === 1) {","    return 'patch';","  } else if (code === 2) {","    return 'minor';","  } else if (code === 3) {","    return 'major';","  } else {","    return '';","  }","}","","function isCommitBreakingChange(commit) {","  return (typeof commit.footer === 'string'","    && commit.footer.indexOf('BREAKING CHANGE') !== -1);","}","","function showReportHeaderPositive() {","  console.log(","    'RELEASES TO DO\\n\\n' +","    'We checked all recent commits, and discovered that according\\n' +","    'to ComVer (https://github.com/staltz/comver) you should\\n' +","    'release a new version of xstream.\\n');","}","","function showReportHeaderNegative() {","  console.log(","    'Nothing to release.\\n\\n' +","    'We checked all recent commits, and discovered that you do\\n' +","    'not need to release a new version, according to ComVer.\\n')","}","","function showReport(status) {","  if (status.increment > 0) {","    showReportHeaderPositive();","","    console.log('xstream needs a new ' +","      incrementName(status.increment).toUpperCase() +","      ' version released because:');","    status.commits.forEach(function (commit) {","      console.log('  . ' + commit.header);","      if (isCommitBreakingChange(commit)) {","        console.log('    BREAKING CHANGE');","      }","    });","    console.log('');","  } else {","    showReportHeaderNegative();","  }","}","","conventionalChangelog({","  preset: 'angular',","  append: true,","  transform: function (commit, cb) {","    var toPush = null;","    if (commit.type === 'fix' || commit.type === 'feat' || commit.type === 'perf') {","      status.increment = Math.max(status.increment, 2);","      toPush = commit;","    }","    if (isCommitBreakingChange(commit)) {","      status.increment = Math.max(status.increment, 3);","      toPush = commit;","    }","    if (toPush) {","      status.commits.push(commit);","    }","    if (commit.header === 'chore(package): release new version') {","      status.increment = 0;","      status.commits = [];","    }","    cb();","  },","}, {}, { reverse: true })","  .on('end', function () {","    if (process.argv[2] === '--oracle' || process.argv[2] === '-o') {","      return process.exit(status.increment);","    } else {","      showReport(status);","    }","  }).resume();"],"l":{"20":2,"21":0,"23":0,"25":1,"26":0,"27":0,"28":0,"29":0,"30":0,"31":0,"33":0,"37":1,"38":0,"42":1,"43":0,"50":1,"51":0,"57":1,"58":0,"59":0,"61":0,"64":0,"65":0,"66":0,"67":0,"70":0,"72":0,"76":0,"80":0,"81":0,"82":0,"83":0,"85":0,"86":0,"87":0,"89":0,"90":0,"92":0,"93":0,"94":0,"96":0,"100":0,"101":0,"103":0}},"/home/travis/build/npmtest/node-npmtest-xstream/node_modules/xstream/tools/make-extras.js":{"path":"/home/travis/build/npmtest/node-npmtest-xstream/node_modules/xstream/tools/make-extras.js","s":{"1":2,"2":2,"3":0,"4":0,"5":0,"6":0},"b":{},"f":{},"fnMap":{},"statementMap":{"1":{"start":{"line":2,"column":0},"end":{"line":2,"column":23}},"2":{"start":{"line":3,"column":0},"end":{"line":3,"column":46}},"3":{"start":{"line":5,"column":0},"end":{"line":7,"column":47}},"4":{"start":{"line":6,"column":19},"end":{"line":6,"column":40}},"5":{"start":{"line":7,"column":22},"end":{"line":7,"column":45}},"6":{"start":{"line":9,"column":0},"end":{"line":13,"column":3}}},"branchMap":{},"code":["'use strict';","var fs = require('fs');","var generateDocs = require('./generate-docs');","","var allExtraJSFiles = fs.readdirSync('./extra/') // is an array","  .map(filename => './extra/' + filename)","  .filter(filename => filename.match(/\\.js$/));","","generateDocs({","  src: allExtraJSFiles,","  output: './markdown/generated-extras.md',","  template: './tools/template-extras.md.ejs'","});",""],"l":{"2":2,"3":2,"5":0,"6":0,"7":0,"9":0}},"/home/travis/build/npmtest/node-npmtest-xstream/node_modules/xstream/tools/generate-docs.js":{"path":"/home/travis/build/npmtest/node-npmtest-xstream/node_modules/xstream/tools/generate-docs.js","s":{"1":8,"2":0,"3":0,"4":0,"5":0,"6":0},"b":{"1":[0,0]},"f":{"1":0,"2":0},"fnMap":{"1":{"name":"generateDocs","line":4,"loc":{"start":{"line":4,"column":17},"end":{"line":4,"column":48}}},"2":{"name":"generationCallback","line":8,"loc":{"start":{"line":8,"column":4},"end":{"line":8,"column":50}}}},"statementMap":{"1":{"start":{"line":2,"column":0},"end":{"line":2,"column":33}},"2":{"start":{"line":4,"column":0},"end":{"line":16,"column":1}},"3":{"start":{"line":5,"column":2},"end":{"line":15,"column":4}},"4":{"start":{"line":9,"column":6},"end":{"line":13,"column":7}},"5":{"start":{"line":10,"column":8},"end":{"line":10,"column":27}},"6":{"start":{"line":12,"column":8},"end":{"line":12,"column":76}}},"branchMap":{"1":{"line":9,"type":"if","locations":[{"start":{"line":9,"column":6},"end":{"line":9,"column":6}},{"start":{"line":9,"column":6},"end":{"line":9,"column":6}}]}},"code":["'use strict';","var markdox = require('markdox');","","module.exports = function generateDocs(options) {","  markdox.process(","    options.src,","    {output: options.output, template: options.template},","    function generationCallback(err/*, output */) {","      if (err) {","        console.error(err);","      } else {","        console.log('File `' + options.output + '` generated with success');","      }","    }","  );","}",""],"l":{"2":8,"4":0,"5":0,"9":0,"10":0,"12":0}},"/home/travis/build/npmtest/node-npmtest-xstream/node_modules/xstream/tools/make-factories.js":{"path":"/home/travis/build/npmtest/node-npmtest-xstream/node_modules/xstream/tools/make-factories.js","s":{"1":2,"2":0},"b":{},"f":{},"fnMap":{},"statementMap":{"1":{"start":{"line":2,"column":0},"end":{"line":2,"column":46}},"2":{"start":{"line":4,"column":0},"end":{"line":8,"column":3}}},"branchMap":{},"code":["'use strict';","var generateDocs = require('./generate-docs');","","generateDocs({","  src: './index.js',","  output: './markdown/generated-factories.md',","  template: './tools/template-factories.md.ejs'","});",""],"l":{"2":2,"4":0}},"/home/travis/build/npmtest/node-npmtest-xstream/node_modules/xstream/tools/make-methods.js":{"path":"/home/travis/build/npmtest/node-npmtest-xstream/node_modules/xstream/tools/make-methods.js","s":{"1":2,"2":0},"b":{},"f":{},"fnMap":{},"statementMap":{"1":{"start":{"line":2,"column":0},"end":{"line":2,"column":46}},"2":{"start":{"line":4,"column":0},"end":{"line":8,"column":3}}},"branchMap":{},"code":["'use strict';","var generateDocs = require('./generate-docs');","","generateDocs({","  src: './index.js',","  output: './markdown/generated-methods.md',","  template: './tools/template-methods.md.ejs'","});",""],"l":{"2":2,"4":0}},"/home/travis/build/npmtest/node-npmtest-xstream/node_modules/xstream/tools/make-toc.js":{"path":"/home/travis/build/npmtest/node-npmtest-xstream/node_modules/xstream/tools/make-toc.js","s":{"1":2,"2":0},"b":{},"f":{},"fnMap":{},"statementMap":{"1":{"start":{"line":2,"column":0},"end":{"line":2,"column":46}},"2":{"start":{"line":4,"column":0},"end":{"line":8,"column":3}}},"branchMap":{},"code":["'use strict';","var generateDocs = require('./generate-docs');","","generateDocs({","  src: './index.js',","  output: './markdown/generated-toc.md',","  template: './tools/template-toc.md.ejs'","});",""],"l":{"2":2,"4":0}},"/home/travis/build/npmtest/node-npmtest-xstream/node_modules/xstream/tools/minify.js":{"path":"/home/travis/build/npmtest/node-npmtest-xstream/node_modules/xstream/tools/minify.js","s":{"1":2,"2":0,"3":0,"4":0,"5":0,"6":0,"7":0},"b":{},"f":{},"fnMap":{},"statementMap":{"1":{"start":{"line":1,"column":0},"end":{"line":1,"column":61}},"2":{"start":{"line":2,"column":0},"end":{"line":2,"column":23}},"3":{"start":{"line":3,"column":0},"end":{"line":3,"column":56}},"4":{"start":{"line":5,"column":0},"end":{"line":10,"column":2}},"5":{"start":{"line":12,"column":0},"end":{"line":12,"column":37}},"6":{"start":{"line":13,"column":0},"end":{"line":13,"column":69}},"7":{"start":{"line":14,"column":0},"end":{"line":14,"column":70}}},"branchMap":{},"code":["var compiler = require('google-closure-compiler-js').compile;","var fs = require('fs');","var source = fs.readFileSync('dist/xstream.js', 'utf8');","","var compilerFlags = {","  jsCode: [{src: source}],","  languageIn: 'ES5',","  createSourceMap: true,","  // compilationLevel: 'ADVANCED',","};","","var output = compiler(compilerFlags);","fs.writeFileSync('dist/xstream.min.js', output.compiledCode, 'utf8');","fs.writeFileSync('dist/xstream.min.js.map', output.sourceMap, 'utf8');"],"l":{"1":2,"2":0,"3":0,"5":0,"12":0,"13":0,"14":0}},"/home/travis/build/npmtest/node-npmtest-xstream/node_modules/xstream/tools/strip-comments.js":{"path":"/home/travis/build/npmtest/node-npmtest-xstream/node_modules/xstream/tools/strip-comments.js","s":{"1":2,"2":0,"3":0,"4":0,"5":0,"6":0,"7":0,"8":0,"9":0},"b":{"1":[0,0]},"f":{},"fnMap":{},"statementMap":{"1":{"start":{"line":1,"column":0},"end":{"line":1,"column":45}},"2":{"start":{"line":3,"column":0},"end":{"line":3,"column":34}},"3":{"start":{"line":5,"column":0},"end":{"line":5,"column":14}},"4":{"start":{"line":7,"column":0},"end":{"line":12,"column":3}},"5":{"start":{"line":8,"column":2},"end":{"line":8,"column":35}},"6":{"start":{"line":9,"column":2},"end":{"line":11,"column":3}},"7":{"start":{"line":10,"column":4},"end":{"line":10,"column":24}},"8":{"start":{"line":14,"column":0},"end":{"line":16,"column":3}},"9":{"start":{"line":15,"column":2},"end":{"line":15,"column":44}}},"branchMap":{"1":{"line":9,"type":"if","locations":[{"start":{"line":9,"column":2},"end":{"line":9,"column":2}},{"start":{"line":9,"column":2},"end":{"line":9,"column":2}}]}},"code":["var stripComments = require('strip-comments')","","process.stdin.setEncoding('utf8');","","var data = '';","","process.stdin.on('readable', () => {","  var chunk = process.stdin.read();","  if (chunk !== null) {","    data = data + chunk;","  }","});","","process.stdin.on('end', () => {","  process.stdout.write(stripComments(data));","});",""],"l":{"1":2,"3":0,"5":0,"7":0,"8":0,"9":0,"10":0,"14":0,"15":0}}}